<?xml version="1.0" encoding="UTF-8"?>
<testng-results skipped="0" failed="0" total="193" passed="193">
  <reporter-output>
  </reporter-output>
  <suite name="Command line suite" duration-ms="400" started-at="2013-06-29T10:55:05Z" finished-at="2013-06-29T10:55:05Z">
    <groups>
    </groups>
    <test name="Command line test" duration-ms="400" started-at="2013-06-29T10:55:05Z" finished-at="2013-06-29T10:55:05Z">
      <class name="storm.starter.tools.SlotBasedCounterTest">
        <test-method status="PASS" signature="negativeOrZeroNumSlotsShouldThrowIAE(int)[pri:0, instance:storm.starter.tools.SlotBasedCounterTest@7d92ce93]" name="negativeOrZeroNumSlotsShouldThrowIAE" duration-ms="0" started-at="2013-06-29T18:55:05Z" data-provider="illegalNumSlotsData" finished-at="2013-06-29T18:55:05Z">
          <params>
            <param index="0">
              <value>
                <![CDATA[-10]]>
              </value>
            </param>
          </params>
          <exception class="java.lang.IllegalArgumentException">
            <message>
              <![CDATA[Number of slots must be greater than zero (you requested -10)]]>
            </message>
            <full-stacktrace>
              <![CDATA[java.lang.IllegalArgumentException: Number of slots must be greater than zero (you requested -10)
	at storm.starter.tools.SlotBasedCounter.<init>(SlotBasedCounter.java:26)
	at storm.starter.tools.SlotBasedCounterTest.negativeOrZeroNumSlotsShouldThrowIAE(SlotBasedCounterTest.java:23)
	at sun.reflect.NativeMethodAccessorImpl.invoke0(Native Method)
	at sun.reflect.NativeMethodAccessorImpl.invoke(NativeMethodAccessorImpl.java:57)
	at sun.reflect.DelegatingMethodAccessorImpl.invoke(DelegatingMethodAccessorImpl.java:43)
	at java.lang.reflect.Method.invoke(Method.java:601)
	at org.testng.internal.MethodInvocationHelper.invokeMethod(MethodInvocationHelper.java:80)
	at org.testng.internal.Invoker.invokeMethod(Invoker.java:714)
	at org.testng.internal.Invoker.invokeTestMethod(Invoker.java:901)
	at org.testng.internal.Invoker.invokeTestMethods(Invoker.java:1231)
	at org.testng.internal.TestMethodWorker.invokeTestMethods(TestMethodWorker.java:127)
	at org.testng.internal.TestMethodWorker.run(TestMethodWorker.java:111)
	at org.testng.TestRunner.privateRun(TestRunner.java:767)
	at org.testng.TestRunner.run(TestRunner.java:617)
	at org.testng.SuiteRunner.runTest(SuiteRunner.java:334)
	at org.testng.SuiteRunner.runSequentially(SuiteRunner.java:329)
	at org.testng.SuiteRunner.privateRun(SuiteRunner.java:291)
	at org.testng.SuiteRunner.run(SuiteRunner.java:240)
	at org.testng.SuiteRunnerWorker.runSuite(SuiteRunnerWorker.java:52)
	at org.testng.SuiteRunnerWorker.run(SuiteRunnerWorker.java:86)
	at org.testng.TestNG.runSuitesSequentially(TestNG.java:1198)
	at org.testng.TestNG.runSuitesLocally(TestNG.java:1123)
	at org.testng.TestNG.run(TestNG.java:1031)
	at org.apache.maven.surefire.testng.TestNGExecutor.run(TestNGExecutor.java:60)
	at org.apache.maven.surefire.testng.TestNGDirectoryTestSuite.executeMulti(TestNGDirectoryTestSuite.java:153)
	at org.apache.maven.surefire.testng.TestNGDirectoryTestSuite.execute(TestNGDirectoryTestSuite.java:99)
	at org.apache.maven.surefire.testng.TestNGProvider.invoke(TestNGProvider.java:111)
	at sun.reflect.NativeMethodAccessorImpl.invoke0(Native Method)
	at sun.reflect.NativeMethodAccessorImpl.invoke(NativeMethodAccessorImpl.java:57)
	at sun.reflect.DelegatingMethodAccessorImpl.invoke(DelegatingMethodAccessorImpl.java:43)
	at java.lang.reflect.Method.invoke(Method.java:601)
	at org.apache.maven.surefire.booter.ProviderFactory$ClassLoaderProxy.invoke(ProviderFactory.java:103)
	at com.sun.proxy.$Proxy0.invoke(Unknown Source)
	at org.apache.maven.surefire.booter.SurefireStarter.invokeProvider(SurefireStarter.java:150)
	at org.apache.maven.surefire.booter.SurefireStarter.runSuitesInProcess(SurefireStarter.java:91)
	at org.apache.maven.surefire.booter.ForkedBooter.main(ForkedBooter.java:69)
]]>
            </full-stacktrace>
          </exception> <!-- java.lang.IllegalArgumentException -->
          <reporter-output>
          </reporter-output>
        </test-method> <!-- negativeOrZeroNumSlotsShouldThrowIAE -->
        <test-method status="PASS" signature="negativeOrZeroNumSlotsShouldThrowIAE(int)[pri:0, instance:storm.starter.tools.SlotBasedCounterTest@7d92ce93]" name="negativeOrZeroNumSlotsShouldThrowIAE" duration-ms="0" started-at="2013-06-29T18:55:05Z" data-provider="illegalNumSlotsData" finished-at="2013-06-29T18:55:05Z">
          <params>
            <param index="0">
              <value>
                <![CDATA[-3]]>
              </value>
            </param>
          </params>
          <exception class="java.lang.IllegalArgumentException">
            <message>
              <![CDATA[Number of slots must be greater than zero (you requested -3)]]>
            </message>
            <full-stacktrace>
              <![CDATA[java.lang.IllegalArgumentException: Number of slots must be greater than zero (you requested -3)
	at storm.starter.tools.SlotBasedCounter.<init>(SlotBasedCounter.java:26)
	at storm.starter.tools.SlotBasedCounterTest.negativeOrZeroNumSlotsShouldThrowIAE(SlotBasedCounterTest.java:23)
	at sun.reflect.NativeMethodAccessorImpl.invoke0(Native Method)
	at sun.reflect.NativeMethodAccessorImpl.invoke(NativeMethodAccessorImpl.java:57)
	at sun.reflect.DelegatingMethodAccessorImpl.invoke(DelegatingMethodAccessorImpl.java:43)
	at java.lang.reflect.Method.invoke(Method.java:601)
	at org.testng.internal.MethodInvocationHelper.invokeMethod(MethodInvocationHelper.java:80)
	at org.testng.internal.Invoker.invokeMethod(Invoker.java:714)
	at org.testng.internal.Invoker.invokeTestMethod(Invoker.java:901)
	at org.testng.internal.Invoker.invokeTestMethods(Invoker.java:1231)
	at org.testng.internal.TestMethodWorker.invokeTestMethods(TestMethodWorker.java:127)
	at org.testng.internal.TestMethodWorker.run(TestMethodWorker.java:111)
	at org.testng.TestRunner.privateRun(TestRunner.java:767)
	at org.testng.TestRunner.run(TestRunner.java:617)
	at org.testng.SuiteRunner.runTest(SuiteRunner.java:334)
	at org.testng.SuiteRunner.runSequentially(SuiteRunner.java:329)
	at org.testng.SuiteRunner.privateRun(SuiteRunner.java:291)
	at org.testng.SuiteRunner.run(SuiteRunner.java:240)
	at org.testng.SuiteRunnerWorker.runSuite(SuiteRunnerWorker.java:52)
	at org.testng.SuiteRunnerWorker.run(SuiteRunnerWorker.java:86)
	at org.testng.TestNG.runSuitesSequentially(TestNG.java:1198)
	at org.testng.TestNG.runSuitesLocally(TestNG.java:1123)
	at org.testng.TestNG.run(TestNG.java:1031)
	at org.apache.maven.surefire.testng.TestNGExecutor.run(TestNGExecutor.java:60)
	at org.apache.maven.surefire.testng.TestNGDirectoryTestSuite.executeMulti(TestNGDirectoryTestSuite.java:153)
	at org.apache.maven.surefire.testng.TestNGDirectoryTestSuite.execute(TestNGDirectoryTestSuite.java:99)
	at org.apache.maven.surefire.testng.TestNGProvider.invoke(TestNGProvider.java:111)
	at sun.reflect.NativeMethodAccessorImpl.invoke0(Native Method)
	at sun.reflect.NativeMethodAccessorImpl.invoke(NativeMethodAccessorImpl.java:57)
	at sun.reflect.DelegatingMethodAccessorImpl.invoke(DelegatingMethodAccessorImpl.java:43)
	at java.lang.reflect.Method.invoke(Method.java:601)
	at org.apache.maven.surefire.booter.ProviderFactory$ClassLoaderProxy.invoke(ProviderFactory.java:103)
	at com.sun.proxy.$Proxy0.invoke(Unknown Source)
	at org.apache.maven.surefire.booter.SurefireStarter.invokeProvider(SurefireStarter.java:150)
	at org.apache.maven.surefire.booter.SurefireStarter.runSuitesInProcess(SurefireStarter.java:91)
	at org.apache.maven.surefire.booter.ForkedBooter.main(ForkedBooter.java:69)
]]>
            </full-stacktrace>
          </exception> <!-- java.lang.IllegalArgumentException -->
          <reporter-output>
          </reporter-output>
        </test-method> <!-- negativeOrZeroNumSlotsShouldThrowIAE -->
        <test-method status="PASS" signature="negativeOrZeroNumSlotsShouldThrowIAE(int)[pri:0, instance:storm.starter.tools.SlotBasedCounterTest@7d92ce93]" name="negativeOrZeroNumSlotsShouldThrowIAE" duration-ms="1" started-at="2013-06-29T18:55:05Z" data-provider="illegalNumSlotsData" finished-at="2013-06-29T18:55:05Z">
          <params>
            <param index="0">
              <value>
                <![CDATA[-2]]>
              </value>
            </param>
          </params>
          <exception class="java.lang.IllegalArgumentException">
            <message>
              <![CDATA[Number of slots must be greater than zero (you requested -2)]]>
            </message>
            <full-stacktrace>
              <![CDATA[java.lang.IllegalArgumentException: Number of slots must be greater than zero (you requested -2)
	at storm.starter.tools.SlotBasedCounter.<init>(SlotBasedCounter.java:26)
	at storm.starter.tools.SlotBasedCounterTest.negativeOrZeroNumSlotsShouldThrowIAE(SlotBasedCounterTest.java:23)
	at sun.reflect.NativeMethodAccessorImpl.invoke0(Native Method)
	at sun.reflect.NativeMethodAccessorImpl.invoke(NativeMethodAccessorImpl.java:57)
	at sun.reflect.DelegatingMethodAccessorImpl.invoke(DelegatingMethodAccessorImpl.java:43)
	at java.lang.reflect.Method.invoke(Method.java:601)
	at org.testng.internal.MethodInvocationHelper.invokeMethod(MethodInvocationHelper.java:80)
	at org.testng.internal.Invoker.invokeMethod(Invoker.java:714)
	at org.testng.internal.Invoker.invokeTestMethod(Invoker.java:901)
	at org.testng.internal.Invoker.invokeTestMethods(Invoker.java:1231)
	at org.testng.internal.TestMethodWorker.invokeTestMethods(TestMethodWorker.java:127)
	at org.testng.internal.TestMethodWorker.run(TestMethodWorker.java:111)
	at org.testng.TestRunner.privateRun(TestRunner.java:767)
	at org.testng.TestRunner.run(TestRunner.java:617)
	at org.testng.SuiteRunner.runTest(SuiteRunner.java:334)
	at org.testng.SuiteRunner.runSequentially(SuiteRunner.java:329)
	at org.testng.SuiteRunner.privateRun(SuiteRunner.java:291)
	at org.testng.SuiteRunner.run(SuiteRunner.java:240)
	at org.testng.SuiteRunnerWorker.runSuite(SuiteRunnerWorker.java:52)
	at org.testng.SuiteRunnerWorker.run(SuiteRunnerWorker.java:86)
	at org.testng.TestNG.runSuitesSequentially(TestNG.java:1198)
	at org.testng.TestNG.runSuitesLocally(TestNG.java:1123)
	at org.testng.TestNG.run(TestNG.java:1031)
	at org.apache.maven.surefire.testng.TestNGExecutor.run(TestNGExecutor.java:60)
	at org.apache.maven.surefire.testng.TestNGDirectoryTestSuite.executeMulti(TestNGDirectoryTestSuite.java:153)
	at org.apache.maven.surefire.testng.TestNGDirectoryTestSuite.execute(TestNGDirectoryTestSuite.java:99)
	at org.apache.maven.surefire.testng.TestNGProvider.invoke(TestNGProvider.java:111)
	at sun.reflect.NativeMethodAccessorImpl.invoke0(Native Method)
	at sun.reflect.NativeMethodAccessorImpl.invoke(NativeMethodAccessorImpl.java:57)
	at sun.reflect.DelegatingMethodAccessorImpl.invoke(DelegatingMethodAccessorImpl.java:43)
	at java.lang.reflect.Method.invoke(Method.java:601)
	at org.apache.maven.surefire.booter.ProviderFactory$ClassLoaderProxy.invoke(ProviderFactory.java:103)
	at com.sun.proxy.$Proxy0.invoke(Unknown Source)
	at org.apache.maven.surefire.booter.SurefireStarter.invokeProvider(SurefireStarter.java:150)
	at org.apache.maven.surefire.booter.SurefireStarter.runSuitesInProcess(SurefireStarter.java:91)
	at org.apache.maven.surefire.booter.ForkedBooter.main(ForkedBooter.java:69)
]]>
            </full-stacktrace>
          </exception> <!-- java.lang.IllegalArgumentException -->
          <reporter-output>
          </reporter-output>
        </test-method> <!-- negativeOrZeroNumSlotsShouldThrowIAE -->
        <test-method status="PASS" signature="negativeOrZeroNumSlotsShouldThrowIAE(int)[pri:0, instance:storm.starter.tools.SlotBasedCounterTest@7d92ce93]" name="negativeOrZeroNumSlotsShouldThrowIAE" duration-ms="0" started-at="2013-06-29T18:55:05Z" data-provider="illegalNumSlotsData" finished-at="2013-06-29T18:55:05Z">
          <params>
            <param index="0">
              <value>
                <![CDATA[0]]>
              </value>
            </param>
          </params>
          <exception class="java.lang.IllegalArgumentException">
            <message>
              <![CDATA[Number of slots must be greater than zero (you requested 0)]]>
            </message>
            <full-stacktrace>
              <![CDATA[java.lang.IllegalArgumentException: Number of slots must be greater than zero (you requested 0)
	at storm.starter.tools.SlotBasedCounter.<init>(SlotBasedCounter.java:26)
	at storm.starter.tools.SlotBasedCounterTest.negativeOrZeroNumSlotsShouldThrowIAE(SlotBasedCounterTest.java:23)
	at sun.reflect.NativeMethodAccessorImpl.invoke0(Native Method)
	at sun.reflect.NativeMethodAccessorImpl.invoke(NativeMethodAccessorImpl.java:57)
	at sun.reflect.DelegatingMethodAccessorImpl.invoke(DelegatingMethodAccessorImpl.java:43)
	at java.lang.reflect.Method.invoke(Method.java:601)
	at org.testng.internal.MethodInvocationHelper.invokeMethod(MethodInvocationHelper.java:80)
	at org.testng.internal.Invoker.invokeMethod(Invoker.java:714)
	at org.testng.internal.Invoker.invokeTestMethod(Invoker.java:901)
	at org.testng.internal.Invoker.invokeTestMethods(Invoker.java:1231)
	at org.testng.internal.TestMethodWorker.invokeTestMethods(TestMethodWorker.java:127)
	at org.testng.internal.TestMethodWorker.run(TestMethodWorker.java:111)
	at org.testng.TestRunner.privateRun(TestRunner.java:767)
	at org.testng.TestRunner.run(TestRunner.java:617)
	at org.testng.SuiteRunner.runTest(SuiteRunner.java:334)
	at org.testng.SuiteRunner.runSequentially(SuiteRunner.java:329)
	at org.testng.SuiteRunner.privateRun(SuiteRunner.java:291)
	at org.testng.SuiteRunner.run(SuiteRunner.java:240)
	at org.testng.SuiteRunnerWorker.runSuite(SuiteRunnerWorker.java:52)
	at org.testng.SuiteRunnerWorker.run(SuiteRunnerWorker.java:86)
	at org.testng.TestNG.runSuitesSequentially(TestNG.java:1198)
	at org.testng.TestNG.runSuitesLocally(TestNG.java:1123)
	at org.testng.TestNG.run(TestNG.java:1031)
	at org.apache.maven.surefire.testng.TestNGExecutor.run(TestNGExecutor.java:60)
	at org.apache.maven.surefire.testng.TestNGDirectoryTestSuite.executeMulti(TestNGDirectoryTestSuite.java:153)
	at org.apache.maven.surefire.testng.TestNGDirectoryTestSuite.execute(TestNGDirectoryTestSuite.java:99)
	at org.apache.maven.surefire.testng.TestNGProvider.invoke(TestNGProvider.java:111)
	at sun.reflect.NativeMethodAccessorImpl.invoke0(Native Method)
	at sun.reflect.NativeMethodAccessorImpl.invoke(NativeMethodAccessorImpl.java:57)
	at sun.reflect.DelegatingMethodAccessorImpl.invoke(DelegatingMethodAccessorImpl.java:43)
	at java.lang.reflect.Method.invoke(Method.java:601)
	at org.apache.maven.surefire.booter.ProviderFactory$ClassLoaderProxy.invoke(ProviderFactory.java:103)
	at com.sun.proxy.$Proxy0.invoke(Unknown Source)
	at org.apache.maven.surefire.booter.SurefireStarter.invokeProvider(SurefireStarter.java:150)
	at org.apache.maven.surefire.booter.SurefireStarter.runSuitesInProcess(SurefireStarter.java:91)
	at org.apache.maven.surefire.booter.ForkedBooter.main(ForkedBooter.java:69)
]]>
            </full-stacktrace>
          </exception> <!-- java.lang.IllegalArgumentException -->
          <reporter-output>
          </reporter-output>
        </test-method> <!-- negativeOrZeroNumSlotsShouldThrowIAE -->
        <test-method status="PASS" signature="newInstanceShouldHaveEmptyCounts()[pri:0, instance:storm.starter.tools.SlotBasedCounterTest@7d92ce93]" name="newInstanceShouldHaveEmptyCounts" duration-ms="0" started-at="2013-06-29T18:55:05Z" finished-at="2013-06-29T18:55:05Z">
          <reporter-output>
          </reporter-output>
        </test-method> <!-- newInstanceShouldHaveEmptyCounts -->
        <test-method status="PASS" signature="negativeOrZeroNumSlotsShouldThrowIAE(int)[pri:0, instance:storm.starter.tools.SlotBasedCounterTest@7d92ce93]" name="negativeOrZeroNumSlotsShouldThrowIAE" duration-ms="0" started-at="2013-06-29T18:55:05Z" data-provider="illegalNumSlotsData" finished-at="2013-06-29T18:55:05Z">
          <params>
            <param index="0">
              <value>
                <![CDATA[-1]]>
              </value>
            </param>
          </params>
          <exception class="java.lang.IllegalArgumentException">
            <message>
              <![CDATA[Number of slots must be greater than zero (you requested -1)]]>
            </message>
            <full-stacktrace>
              <![CDATA[java.lang.IllegalArgumentException: Number of slots must be greater than zero (you requested -1)
	at storm.starter.tools.SlotBasedCounter.<init>(SlotBasedCounter.java:26)
	at storm.starter.tools.SlotBasedCounterTest.negativeOrZeroNumSlotsShouldThrowIAE(SlotBasedCounterTest.java:23)
	at sun.reflect.NativeMethodAccessorImpl.invoke0(Native Method)
	at sun.reflect.NativeMethodAccessorImpl.invoke(NativeMethodAccessorImpl.java:57)
	at sun.reflect.DelegatingMethodAccessorImpl.invoke(DelegatingMethodAccessorImpl.java:43)
	at java.lang.reflect.Method.invoke(Method.java:601)
	at org.testng.internal.MethodInvocationHelper.invokeMethod(MethodInvocationHelper.java:80)
	at org.testng.internal.Invoker.invokeMethod(Invoker.java:714)
	at org.testng.internal.Invoker.invokeTestMethod(Invoker.java:901)
	at org.testng.internal.Invoker.invokeTestMethods(Invoker.java:1231)
	at org.testng.internal.TestMethodWorker.invokeTestMethods(TestMethodWorker.java:127)
	at org.testng.internal.TestMethodWorker.run(TestMethodWorker.java:111)
	at org.testng.TestRunner.privateRun(TestRunner.java:767)
	at org.testng.TestRunner.run(TestRunner.java:617)
	at org.testng.SuiteRunner.runTest(SuiteRunner.java:334)
	at org.testng.SuiteRunner.runSequentially(SuiteRunner.java:329)
	at org.testng.SuiteRunner.privateRun(SuiteRunner.java:291)
	at org.testng.SuiteRunner.run(SuiteRunner.java:240)
	at org.testng.SuiteRunnerWorker.runSuite(SuiteRunnerWorker.java:52)
	at org.testng.SuiteRunnerWorker.run(SuiteRunnerWorker.java:86)
	at org.testng.TestNG.runSuitesSequentially(TestNG.java:1198)
	at org.testng.TestNG.runSuitesLocally(TestNG.java:1123)
	at org.testng.TestNG.run(TestNG.java:1031)
	at org.apache.maven.surefire.testng.TestNGExecutor.run(TestNGExecutor.java:60)
	at org.apache.maven.surefire.testng.TestNGDirectoryTestSuite.executeMulti(TestNGDirectoryTestSuite.java:153)
	at org.apache.maven.surefire.testng.TestNGDirectoryTestSuite.execute(TestNGDirectoryTestSuite.java:99)
	at org.apache.maven.surefire.testng.TestNGProvider.invoke(TestNGProvider.java:111)
	at sun.reflect.NativeMethodAccessorImpl.invoke0(Native Method)
	at sun.reflect.NativeMethodAccessorImpl.invoke(NativeMethodAccessorImpl.java:57)
	at sun.reflect.DelegatingMethodAccessorImpl.invoke(DelegatingMethodAccessorImpl.java:43)
	at java.lang.reflect.Method.invoke(Method.java:601)
	at org.apache.maven.surefire.booter.ProviderFactory$ClassLoaderProxy.invoke(ProviderFactory.java:103)
	at com.sun.proxy.$Proxy0.invoke(Unknown Source)
	at org.apache.maven.surefire.booter.SurefireStarter.invokeProvider(SurefireStarter.java:150)
	at org.apache.maven.surefire.booter.SurefireStarter.runSuitesInProcess(SurefireStarter.java:91)
	at org.apache.maven.surefire.booter.ForkedBooter.main(ForkedBooter.java:69)
]]>
            </full-stacktrace>
          </exception> <!-- java.lang.IllegalArgumentException -->
          <reporter-output>
          </reporter-output>
        </test-method> <!-- negativeOrZeroNumSlotsShouldThrowIAE -->
        <test-method status="PASS" signature="positiveNumSlotsShouldBeOk(int)[pri:0, instance:storm.starter.tools.SlotBasedCounterTest@7d92ce93]" name="positiveNumSlotsShouldBeOk" duration-ms="0" started-at="2013-06-29T18:55:05Z" data-provider="legalNumSlotsData" finished-at="2013-06-29T18:55:05Z">
          <params>
            <param index="0">
              <value>
                <![CDATA[2]]>
              </value>
            </param>
          </params>
          <reporter-output>
          </reporter-output>
        </test-method> <!-- positiveNumSlotsShouldBeOk -->
        <test-method status="PASS" signature="positiveNumSlotsShouldBeOk(int)[pri:0, instance:storm.starter.tools.SlotBasedCounterTest@7d92ce93]" name="positiveNumSlotsShouldBeOk" duration-ms="1" started-at="2013-06-29T18:55:05Z" data-provider="legalNumSlotsData" finished-at="2013-06-29T18:55:05Z">
          <params>
            <param index="0">
              <value>
                <![CDATA[20]]>
              </value>
            </param>
          </params>
          <reporter-output>
          </reporter-output>
        </test-method> <!-- positiveNumSlotsShouldBeOk -->
        <test-method status="PASS" signature="positiveNumSlotsShouldBeOk(int)[pri:0, instance:storm.starter.tools.SlotBasedCounterTest@7d92ce93]" name="positiveNumSlotsShouldBeOk" duration-ms="0" started-at="2013-06-29T18:55:05Z" data-provider="legalNumSlotsData" finished-at="2013-06-29T18:55:05Z">
          <params>
            <param index="0">
              <value>
                <![CDATA[1]]>
              </value>
            </param>
          </params>
          <reporter-output>
          </reporter-output>
        </test-method> <!-- positiveNumSlotsShouldBeOk -->
        <test-method status="PASS" signature="positiveNumSlotsShouldBeOk(int)[pri:0, instance:storm.starter.tools.SlotBasedCounterTest@7d92ce93]" name="positiveNumSlotsShouldBeOk" duration-ms="0" started-at="2013-06-29T18:55:05Z" data-provider="legalNumSlotsData" finished-at="2013-06-29T18:55:05Z">
          <params>
            <param index="0">
              <value>
                <![CDATA[3]]>
              </value>
            </param>
          </params>
          <reporter-output>
          </reporter-output>
        </test-method> <!-- positiveNumSlotsShouldBeOk -->
        <test-method status="PASS" signature="shouldIncrementCount([Ljava.lang.Object;, [I)[pri:0, instance:storm.starter.tools.SlotBasedCounterTest@7d92ce93]" name="shouldIncrementCount" duration-ms="0" started-at="2013-06-29T18:55:05Z" data-provider="incrementCountData" finished-at="2013-06-29T18:55:05Z">
          <params>
            <param index="0">
              <value>
                <![CDATA[[Ljava.lang.String;@4b3e427e]]>
              </value>
            </param>
            <param index="1">
              <value>
                <![CDATA[[I@647f84c9]]>
              </value>
            </param>
          </params>
          <reporter-output>
          </reporter-output>
        </test-method> <!-- shouldIncrementCount -->
        <test-method status="PASS" signature="shouldIncrementCountOnlyOneSlotAtATime()[pri:0, instance:storm.starter.tools.SlotBasedCounterTest@7d92ce93]" name="shouldIncrementCountOnlyOneSlotAtATime" duration-ms="0" started-at="2013-06-29T18:55:05Z" finished-at="2013-06-29T18:55:05Z">
          <reporter-output>
          </reporter-output>
        </test-method> <!-- shouldIncrementCountOnlyOneSlotAtATime -->
        <test-method status="PASS" signature="wipeSlotShouldSetAllCountsInSlotToZero()[pri:0, instance:storm.starter.tools.SlotBasedCounterTest@7d92ce93]" name="wipeSlotShouldSetAllCountsInSlotToZero" duration-ms="0" started-at="2013-06-29T18:55:05Z" finished-at="2013-06-29T18:55:05Z">
          <reporter-output>
          </reporter-output>
        </test-method> <!-- wipeSlotShouldSetAllCountsInSlotToZero -->
        <test-method status="PASS" signature="shouldReturnZeroForNonexistentObject()[pri:0, instance:storm.starter.tools.SlotBasedCounterTest@7d92ce93]" name="shouldReturnZeroForNonexistentObject" duration-ms="0" started-at="2013-06-29T18:55:05Z" finished-at="2013-06-29T18:55:05Z">
          <reporter-output>
          </reporter-output>
        </test-method> <!-- shouldReturnZeroForNonexistentObject -->
        <test-method status="PASS" signature="shouldReturnNonEmptyCountsWhenAtLeastOneObjectWasCounted()[pri:0, instance:storm.starter.tools.SlotBasedCounterTest@7d92ce93]" name="shouldReturnNonEmptyCountsWhenAtLeastOneObjectWasCounted" duration-ms="0" started-at="2013-06-29T18:55:05Z" finished-at="2013-06-29T18:55:05Z">
          <reporter-output>
          </reporter-output>
        </test-method> <!-- shouldReturnNonEmptyCountsWhenAtLeastOneObjectWasCounted -->
        <test-method status="PASS" signature="wipeZerosShouldRemoveAnyObjectsWithZeroTotalCount()[pri:0, instance:storm.starter.tools.SlotBasedCounterTest@7d92ce93]" name="wipeZerosShouldRemoveAnyObjectsWithZeroTotalCount" duration-ms="0" started-at="2013-06-29T18:55:05Z" finished-at="2013-06-29T18:55:05Z">
          <reporter-output>
          </reporter-output>
        </test-method> <!-- wipeZerosShouldRemoveAnyObjectsWithZeroTotalCount -->
      </class> <!-- storm.starter.tools.SlotBasedCounterTest -->
      <class name="storm.starter.tools.RankableObjectWithFieldsTest">
        <test-method status="PASS" signature="constructorWithNegativeCountAndFieldsShouldThrowIAE()[pri:0, instance:storm.starter.tools.RankableObjectWithFieldsTest@2c73bfb]" name="constructorWithNegativeCountAndFieldsShouldThrowIAE" duration-ms="0" started-at="2013-06-29T18:55:05Z" finished-at="2013-06-29T18:55:05Z">
          <exception class="java.lang.IllegalArgumentException">
            <message>
              <![CDATA[The count must be >= 0]]>
            </message>
            <full-stacktrace>
              <![CDATA[java.lang.IllegalArgumentException: The count must be >= 0
	at storm.starter.tools.RankableObjectWithFields.<init>(RankableObjectWithFields.java:29)
	at storm.starter.tools.RankableObjectWithFieldsTest.constructorWithNegativeCountAndFieldsShouldThrowIAE(RankableObjectWithFieldsTest.java:47)
	at sun.reflect.NativeMethodAccessorImpl.invoke0(Native Method)
	at sun.reflect.NativeMethodAccessorImpl.invoke(NativeMethodAccessorImpl.java:57)
	at sun.reflect.DelegatingMethodAccessorImpl.invoke(DelegatingMethodAccessorImpl.java:43)
	at java.lang.reflect.Method.invoke(Method.java:601)
	at org.testng.internal.MethodInvocationHelper.invokeMethod(MethodInvocationHelper.java:80)
	at org.testng.internal.Invoker.invokeMethod(Invoker.java:714)
	at org.testng.internal.Invoker.invokeTestMethod(Invoker.java:901)
	at org.testng.internal.Invoker.invokeTestMethods(Invoker.java:1231)
	at org.testng.internal.TestMethodWorker.invokeTestMethods(TestMethodWorker.java:127)
	at org.testng.internal.TestMethodWorker.run(TestMethodWorker.java:111)
	at org.testng.TestRunner.privateRun(TestRunner.java:767)
	at org.testng.TestRunner.run(TestRunner.java:617)
	at org.testng.SuiteRunner.runTest(SuiteRunner.java:334)
	at org.testng.SuiteRunner.runSequentially(SuiteRunner.java:329)
	at org.testng.SuiteRunner.privateRun(SuiteRunner.java:291)
	at org.testng.SuiteRunner.run(SuiteRunner.java:240)
	at org.testng.SuiteRunnerWorker.runSuite(SuiteRunnerWorker.java:52)
	at org.testng.SuiteRunnerWorker.run(SuiteRunnerWorker.java:86)
	at org.testng.TestNG.runSuitesSequentially(TestNG.java:1198)
	at org.testng.TestNG.runSuitesLocally(TestNG.java:1123)
	at org.testng.TestNG.run(TestNG.java:1031)
	at org.apache.maven.surefire.testng.TestNGExecutor.run(TestNGExecutor.java:60)
	at org.apache.maven.surefire.testng.TestNGDirectoryTestSuite.executeMulti(TestNGDirectoryTestSuite.java:153)
	at org.apache.maven.surefire.testng.TestNGDirectoryTestSuite.execute(TestNGDirectoryTestSuite.java:99)
	at org.apache.maven.surefire.testng.TestNGProvider.invoke(TestNGProvider.java:111)
	at sun.reflect.NativeMethodAccessorImpl.invoke0(Native Method)
	at sun.reflect.NativeMethodAccessorImpl.invoke(NativeMethodAccessorImpl.java:57)
	at sun.reflect.DelegatingMethodAccessorImpl.invoke(DelegatingMethodAccessorImpl.java:43)
	at java.lang.reflect.Method.invoke(Method.java:601)
	at org.apache.maven.surefire.booter.ProviderFactory$ClassLoaderProxy.invoke(ProviderFactory.java:103)
	at com.sun.proxy.$Proxy0.invoke(Unknown Source)
	at org.apache.maven.surefire.booter.SurefireStarter.invokeProvider(SurefireStarter.java:150)
	at org.apache.maven.surefire.booter.SurefireStarter.runSuitesInProcess(SurefireStarter.java:91)
	at org.apache.maven.surefire.booter.ForkedBooter.main(ForkedBooter.java:69)
]]>
            </full-stacktrace>
          </exception> <!-- java.lang.IllegalArgumentException -->
          <reporter-output>
          </reporter-output>
        </test-method> <!-- constructorWithNegativeCountAndFieldsShouldThrowIAE -->
        <test-method status="PASS" signature="constructorWithNullObjectAndFieldsShouldThrowIAE()[pri:0, instance:storm.starter.tools.RankableObjectWithFieldsTest@2c73bfb]" name="constructorWithNullObjectAndFieldsShouldThrowIAE" duration-ms="0" started-at="2013-06-29T18:55:05Z" finished-at="2013-06-29T18:55:05Z">
          <exception class="java.lang.IllegalArgumentException">
            <message>
              <![CDATA[The object must not be null]]>
            </message>
            <full-stacktrace>
              <![CDATA[java.lang.IllegalArgumentException: The object must not be null
	at storm.starter.tools.RankableObjectWithFields.<init>(RankableObjectWithFields.java:26)
	at storm.starter.tools.RankableObjectWithFieldsTest.constructorWithNullObjectAndFieldsShouldThrowIAE(RankableObjectWithFieldsTest.java:36)
	at sun.reflect.NativeMethodAccessorImpl.invoke0(Native Method)
	at sun.reflect.NativeMethodAccessorImpl.invoke(NativeMethodAccessorImpl.java:57)
	at sun.reflect.DelegatingMethodAccessorImpl.invoke(DelegatingMethodAccessorImpl.java:43)
	at java.lang.reflect.Method.invoke(Method.java:601)
	at org.testng.internal.MethodInvocationHelper.invokeMethod(MethodInvocationHelper.java:80)
	at org.testng.internal.Invoker.invokeMethod(Invoker.java:714)
	at org.testng.internal.Invoker.invokeTestMethod(Invoker.java:901)
	at org.testng.internal.Invoker.invokeTestMethods(Invoker.java:1231)
	at org.testng.internal.TestMethodWorker.invokeTestMethods(TestMethodWorker.java:127)
	at org.testng.internal.TestMethodWorker.run(TestMethodWorker.java:111)
	at org.testng.TestRunner.privateRun(TestRunner.java:767)
	at org.testng.TestRunner.run(TestRunner.java:617)
	at org.testng.SuiteRunner.runTest(SuiteRunner.java:334)
	at org.testng.SuiteRunner.runSequentially(SuiteRunner.java:329)
	at org.testng.SuiteRunner.privateRun(SuiteRunner.java:291)
	at org.testng.SuiteRunner.run(SuiteRunner.java:240)
	at org.testng.SuiteRunnerWorker.runSuite(SuiteRunnerWorker.java:52)
	at org.testng.SuiteRunnerWorker.run(SuiteRunnerWorker.java:86)
	at org.testng.TestNG.runSuitesSequentially(TestNG.java:1198)
	at org.testng.TestNG.runSuitesLocally(TestNG.java:1123)
	at org.testng.TestNG.run(TestNG.java:1031)
	at org.apache.maven.surefire.testng.TestNGExecutor.run(TestNGExecutor.java:60)
	at org.apache.maven.surefire.testng.TestNGDirectoryTestSuite.executeMulti(TestNGDirectoryTestSuite.java:153)
	at org.apache.maven.surefire.testng.TestNGDirectoryTestSuite.execute(TestNGDirectoryTestSuite.java:99)
	at org.apache.maven.surefire.testng.TestNGProvider.invoke(TestNGProvider.java:111)
	at sun.reflect.NativeMethodAccessorImpl.invoke0(Native Method)
	at sun.reflect.NativeMethodAccessorImpl.invoke(NativeMethodAccessorImpl.java:57)
	at sun.reflect.DelegatingMethodAccessorImpl.invoke(DelegatingMethodAccessorImpl.java:43)
	at java.lang.reflect.Method.invoke(Method.java:601)
	at org.apache.maven.surefire.booter.ProviderFactory$ClassLoaderProxy.invoke(ProviderFactory.java:103)
	at com.sun.proxy.$Proxy0.invoke(Unknown Source)
	at org.apache.maven.surefire.booter.SurefireStarter.invokeProvider(SurefireStarter.java:150)
	at org.apache.maven.surefire.booter.SurefireStarter.runSuitesInProcess(SurefireStarter.java:91)
	at org.apache.maven.surefire.booter.ForkedBooter.main(ForkedBooter.java:69)
]]>
            </full-stacktrace>
          </exception> <!-- java.lang.IllegalArgumentException -->
          <reporter-output>
          </reporter-output>
        </test-method> <!-- constructorWithNullObjectAndFieldsShouldThrowIAE -->
        <test-method status="PASS" signature="constructorWithNegativeCountAndNoFieldsShouldThrowIAE()[pri:0, instance:storm.starter.tools.RankableObjectWithFieldsTest@2c73bfb]" name="constructorWithNegativeCountAndNoFieldsShouldThrowIAE" duration-ms="0" started-at="2013-06-29T18:55:05Z" finished-at="2013-06-29T18:55:05Z">
          <exception class="java.lang.IllegalArgumentException">
            <message>
              <![CDATA[The count must be >= 0]]>
            </message>
            <full-stacktrace>
              <![CDATA[java.lang.IllegalArgumentException: The count must be >= 0
	at storm.starter.tools.RankableObjectWithFields.<init>(RankableObjectWithFields.java:29)
	at storm.starter.tools.RankableObjectWithFieldsTest.constructorWithNegativeCountAndNoFieldsShouldThrowIAE(RankableObjectWithFieldsTest.java:41)
	at sun.reflect.NativeMethodAccessorImpl.invoke0(Native Method)
	at sun.reflect.NativeMethodAccessorImpl.invoke(NativeMethodAccessorImpl.java:57)
	at sun.reflect.DelegatingMethodAccessorImpl.invoke(DelegatingMethodAccessorImpl.java:43)
	at java.lang.reflect.Method.invoke(Method.java:601)
	at org.testng.internal.MethodInvocationHelper.invokeMethod(MethodInvocationHelper.java:80)
	at org.testng.internal.Invoker.invokeMethod(Invoker.java:714)
	at org.testng.internal.Invoker.invokeTestMethod(Invoker.java:901)
	at org.testng.internal.Invoker.invokeTestMethods(Invoker.java:1231)
	at org.testng.internal.TestMethodWorker.invokeTestMethods(TestMethodWorker.java:127)
	at org.testng.internal.TestMethodWorker.run(TestMethodWorker.java:111)
	at org.testng.TestRunner.privateRun(TestRunner.java:767)
	at org.testng.TestRunner.run(TestRunner.java:617)
	at org.testng.SuiteRunner.runTest(SuiteRunner.java:334)
	at org.testng.SuiteRunner.runSequentially(SuiteRunner.java:329)
	at org.testng.SuiteRunner.privateRun(SuiteRunner.java:291)
	at org.testng.SuiteRunner.run(SuiteRunner.java:240)
	at org.testng.SuiteRunnerWorker.runSuite(SuiteRunnerWorker.java:52)
	at org.testng.SuiteRunnerWorker.run(SuiteRunnerWorker.java:86)
	at org.testng.TestNG.runSuitesSequentially(TestNG.java:1198)
	at org.testng.TestNG.runSuitesLocally(TestNG.java:1123)
	at org.testng.TestNG.run(TestNG.java:1031)
	at org.apache.maven.surefire.testng.TestNGExecutor.run(TestNGExecutor.java:60)
	at org.apache.maven.surefire.testng.TestNGDirectoryTestSuite.executeMulti(TestNGDirectoryTestSuite.java:153)
	at org.apache.maven.surefire.testng.TestNGDirectoryTestSuite.execute(TestNGDirectoryTestSuite.java:99)
	at org.apache.maven.surefire.testng.TestNGProvider.invoke(TestNGProvider.java:111)
	at sun.reflect.NativeMethodAccessorImpl.invoke0(Native Method)
	at sun.reflect.NativeMethodAccessorImpl.invoke(NativeMethodAccessorImpl.java:57)
	at sun.reflect.DelegatingMethodAccessorImpl.invoke(DelegatingMethodAccessorImpl.java:43)
	at java.lang.reflect.Method.invoke(Method.java:601)
	at org.apache.maven.surefire.booter.ProviderFactory$ClassLoaderProxy.invoke(ProviderFactory.java:103)
	at com.sun.proxy.$Proxy0.invoke(Unknown Source)
	at org.apache.maven.surefire.booter.SurefireStarter.invokeProvider(SurefireStarter.java:150)
	at org.apache.maven.surefire.booter.SurefireStarter.runSuitesInProcess(SurefireStarter.java:91)
	at org.apache.maven.surefire.booter.ForkedBooter.main(ForkedBooter.java:69)
]]>
            </full-stacktrace>
          </exception> <!-- java.lang.IllegalArgumentException -->
          <reporter-output>
          </reporter-output>
        </test-method> <!-- constructorWithNegativeCountAndNoFieldsShouldThrowIAE -->
        <test-method status="PASS" signature="constructorWithNullObjectAndNoFieldsShouldThrowIAE()[pri:0, instance:storm.starter.tools.RankableObjectWithFieldsTest@2c73bfb]" name="constructorWithNullObjectAndNoFieldsShouldThrowIAE" duration-ms="0" started-at="2013-06-29T18:55:05Z" finished-at="2013-06-29T18:55:05Z">
          <exception class="java.lang.IllegalArgumentException">
            <message>
              <![CDATA[The object must not be null]]>
            </message>
            <full-stacktrace>
              <![CDATA[java.lang.IllegalArgumentException: The object must not be null
	at storm.starter.tools.RankableObjectWithFields.<init>(RankableObjectWithFields.java:26)
	at storm.starter.tools.RankableObjectWithFieldsTest.constructorWithNullObjectAndNoFieldsShouldThrowIAE(RankableObjectWithFieldsTest.java:30)
	at sun.reflect.NativeMethodAccessorImpl.invoke0(Native Method)
	at sun.reflect.NativeMethodAccessorImpl.invoke(NativeMethodAccessorImpl.java:57)
	at sun.reflect.DelegatingMethodAccessorImpl.invoke(DelegatingMethodAccessorImpl.java:43)
	at java.lang.reflect.Method.invoke(Method.java:601)
	at org.testng.internal.MethodInvocationHelper.invokeMethod(MethodInvocationHelper.java:80)
	at org.testng.internal.Invoker.invokeMethod(Invoker.java:714)
	at org.testng.internal.Invoker.invokeTestMethod(Invoker.java:901)
	at org.testng.internal.Invoker.invokeTestMethods(Invoker.java:1231)
	at org.testng.internal.TestMethodWorker.invokeTestMethods(TestMethodWorker.java:127)
	at org.testng.internal.TestMethodWorker.run(TestMethodWorker.java:111)
	at org.testng.TestRunner.privateRun(TestRunner.java:767)
	at org.testng.TestRunner.run(TestRunner.java:617)
	at org.testng.SuiteRunner.runTest(SuiteRunner.java:334)
	at org.testng.SuiteRunner.runSequentially(SuiteRunner.java:329)
	at org.testng.SuiteRunner.privateRun(SuiteRunner.java:291)
	at org.testng.SuiteRunner.run(SuiteRunner.java:240)
	at org.testng.SuiteRunnerWorker.runSuite(SuiteRunnerWorker.java:52)
	at org.testng.SuiteRunnerWorker.run(SuiteRunnerWorker.java:86)
	at org.testng.TestNG.runSuitesSequentially(TestNG.java:1198)
	at org.testng.TestNG.runSuitesLocally(TestNG.java:1123)
	at org.testng.TestNG.run(TestNG.java:1031)
	at org.apache.maven.surefire.testng.TestNGExecutor.run(TestNGExecutor.java:60)
	at org.apache.maven.surefire.testng.TestNGDirectoryTestSuite.executeMulti(TestNGDirectoryTestSuite.java:153)
	at org.apache.maven.surefire.testng.TestNGDirectoryTestSuite.execute(TestNGDirectoryTestSuite.java:99)
	at org.apache.maven.surefire.testng.TestNGProvider.invoke(TestNGProvider.java:111)
	at sun.reflect.NativeMethodAccessorImpl.invoke0(Native Method)
	at sun.reflect.NativeMethodAccessorImpl.invoke(NativeMethodAccessorImpl.java:57)
	at sun.reflect.DelegatingMethodAccessorImpl.invoke(DelegatingMethodAccessorImpl.java:43)
	at java.lang.reflect.Method.invoke(Method.java:601)
	at org.apache.maven.surefire.booter.ProviderFactory$ClassLoaderProxy.invoke(ProviderFactory.java:103)
	at com.sun.proxy.$Proxy0.invoke(Unknown Source)
	at org.apache.maven.surefire.booter.SurefireStarter.invokeProvider(SurefireStarter.java:150)
	at org.apache.maven.surefire.booter.SurefireStarter.runSuitesInProcess(SurefireStarter.java:91)
	at org.apache.maven.surefire.booter.ForkedBooter.main(ForkedBooter.java:69)
]]>
            </full-stacktrace>
          </exception> <!-- java.lang.IllegalArgumentException -->
          <reporter-output>
          </reporter-output>
        </test-method> <!-- constructorWithNullObjectAndNoFieldsShouldThrowIAE -->
        <test-method status="PASS" signature="fieldsShouldBeImmutable()[pri:0, instance:storm.starter.tools.RankableObjectWithFieldsTest@2c73bfb]" name="fieldsShouldBeImmutable" duration-ms="0" started-at="2013-06-29T18:55:05Z" finished-at="2013-06-29T18:55:05Z">
          <exception class="java.lang.UnsupportedOperationException">
            <full-stacktrace>
              <![CDATA[java.lang.UnsupportedOperationException
	at com.google.common.collect.ImmutableList.remove(ImmutableList.java:461)
	at storm.starter.tools.RankableObjectWithFieldsTest.fieldsShouldBeImmutable(RankableObjectWithFieldsTest.java:202)
	at sun.reflect.NativeMethodAccessorImpl.invoke0(Native Method)
	at sun.reflect.NativeMethodAccessorImpl.invoke(NativeMethodAccessorImpl.java:57)
	at sun.reflect.DelegatingMethodAccessorImpl.invoke(DelegatingMethodAccessorImpl.java:43)
	at java.lang.reflect.Method.invoke(Method.java:601)
	at org.testng.internal.MethodInvocationHelper.invokeMethod(MethodInvocationHelper.java:80)
	at org.testng.internal.Invoker.invokeMethod(Invoker.java:714)
	at org.testng.internal.Invoker.invokeTestMethod(Invoker.java:901)
	at org.testng.internal.Invoker.invokeTestMethods(Invoker.java:1231)
	at org.testng.internal.TestMethodWorker.invokeTestMethods(TestMethodWorker.java:127)
	at org.testng.internal.TestMethodWorker.run(TestMethodWorker.java:111)
	at org.testng.TestRunner.privateRun(TestRunner.java:767)
	at org.testng.TestRunner.run(TestRunner.java:617)
	at org.testng.SuiteRunner.runTest(SuiteRunner.java:334)
	at org.testng.SuiteRunner.runSequentially(SuiteRunner.java:329)
	at org.testng.SuiteRunner.privateRun(SuiteRunner.java:291)
	at org.testng.SuiteRunner.run(SuiteRunner.java:240)
	at org.testng.SuiteRunnerWorker.runSuite(SuiteRunnerWorker.java:52)
	at org.testng.SuiteRunnerWorker.run(SuiteRunnerWorker.java:86)
	at org.testng.TestNG.runSuitesSequentially(TestNG.java:1198)
	at org.testng.TestNG.runSuitesLocally(TestNG.java:1123)
	at org.testng.TestNG.run(TestNG.java:1031)
	at org.apache.maven.surefire.testng.TestNGExecutor.run(TestNGExecutor.java:60)
	at org.apache.maven.surefire.testng.TestNGDirectoryTestSuite.executeMulti(TestNGDirectoryTestSuite.java:153)
	at org.apache.maven.surefire.testng.TestNGDirectoryTestSuite.execute(TestNGDirectoryTestSuite.java:99)
	at org.apache.maven.surefire.testng.TestNGProvider.invoke(TestNGProvider.java:111)
	at sun.reflect.NativeMethodAccessorImpl.invoke0(Native Method)
	at sun.reflect.NativeMethodAccessorImpl.invoke(NativeMethodAccessorImpl.java:57)
	at sun.reflect.DelegatingMethodAccessorImpl.invoke(DelegatingMethodAccessorImpl.java:43)
	at java.lang.reflect.Method.invoke(Method.java:601)
	at org.apache.maven.surefire.booter.ProviderFactory$ClassLoaderProxy.invoke(ProviderFactory.java:103)
	at com.sun.proxy.$Proxy0.invoke(Unknown Source)
	at org.apache.maven.surefire.booter.SurefireStarter.invokeProvider(SurefireStarter.java:150)
	at org.apache.maven.surefire.booter.SurefireStarter.runSuitesInProcess(SurefireStarter.java:91)
	at org.apache.maven.surefire.booter.ForkedBooter.main(ForkedBooter.java:69)
]]>
            </full-stacktrace>
          </exception> <!-- java.lang.UnsupportedOperationException -->
          <reporter-output>
          </reporter-output>
        </test-method> <!-- fieldsShouldBeImmutable -->
        <test-method status="PASS" signature="shouldBeEqualToItself()[pri:0, instance:storm.starter.tools.RankableObjectWithFieldsTest@2c73bfb]" name="shouldBeEqualToItself" duration-ms="0" started-at="2013-06-29T18:55:05Z" finished-at="2013-06-29T18:55:05Z">
          <reporter-output>
          </reporter-output>
        </test-method> <!-- shouldBeEqualToItself -->
        <test-method status="PASS" signature="shouldBeEqualToTrueDuplicates(storm.starter.tools.RankableObjectWithFields, storm.starter.tools.RankableObjectWithFields)[pri:0, instance:storm.starter.tools.RankableObjectWithFieldsTest@2c73bfb]" name="shouldBeEqualToTrueDuplicates" duration-ms="8" started-at="2013-06-29T18:55:05Z" data-provider="trueDuplicatesData" finished-at="2013-06-29T18:55:05Z">
          <params>
            <param index="0">
              <value>
                <![CDATA[[foo|0]]]>
              </value>
            </param>
            <param index="1">
              <value>
                <![CDATA[[foo|0]]]>
              </value>
            </param>
          </params>
          <reporter-output>
          </reporter-output>
        </test-method> <!-- shouldBeEqualToTrueDuplicates -->
        <test-method status="PASS" signature="shouldBeEqualToTrueDuplicates(storm.starter.tools.RankableObjectWithFields, storm.starter.tools.RankableObjectWithFields)[pri:0, instance:storm.starter.tools.RankableObjectWithFieldsTest@2c73bfb]" name="shouldBeEqualToTrueDuplicates" duration-ms="1" started-at="2013-06-29T18:55:05Z" data-provider="trueDuplicatesData" finished-at="2013-06-29T18:55:05Z">
          <params>
            <param index="0">
              <value>
                <![CDATA[[foo|0]]]>
              </value>
            </param>
            <param index="1">
              <value>
                <![CDATA[[foo|0|someOtherField]]]>
              </value>
            </param>
          </params>
          <reporter-output>
          </reporter-output>
        </test-method> <!-- shouldBeEqualToTrueDuplicates -->
        <test-method status="PASS" signature="shouldCreateRankableObjectFromTuple()[pri:0, instance:storm.starter.tools.RankableObjectWithFieldsTest@2c73bfb]" name="shouldCreateRankableObjectFromTuple" duration-ms="5" started-at="2013-06-29T18:55:05Z" finished-at="2013-06-29T18:55:05Z">
          <reporter-output>
          </reporter-output>
        </test-method> <!-- shouldCreateRankableObjectFromTuple -->
        <test-method status="PASS" signature="shouldBeEqualToTrueDuplicates(storm.starter.tools.RankableObjectWithFields, storm.starter.tools.RankableObjectWithFields)[pri:0, instance:storm.starter.tools.RankableObjectWithFieldsTest@2c73bfb]" name="shouldBeEqualToTrueDuplicates" duration-ms="0" started-at="2013-06-29T18:55:05Z" data-provider="trueDuplicatesData" finished-at="2013-06-29T18:55:05Z">
          <params>
            <param index="0">
              <value>
                <![CDATA[[foo|0|someField]]]>
              </value>
            </param>
            <param index="1">
              <value>
                <![CDATA[[foo|0|someOtherField]]]>
              </value>
            </param>
          </params>
          <reporter-output>
          </reporter-output>
        </test-method> <!-- shouldBeEqualToTrueDuplicates -->
        <test-method status="PASS" signature="shouldHaveDifferentHashCodeThanFalseDuplicates(storm.starter.tools.RankableObjectWithFields, storm.starter.tools.RankableObjectWithFields)[pri:0, instance:storm.starter.tools.RankableObjectWithFieldsTest@2c73bfb]" name="shouldHaveDifferentHashCodeThanFalseDuplicates" duration-ms="0" started-at="2013-06-29T18:55:05Z" data-provider="falseDuplicatesData" finished-at="2013-06-29T18:55:05Z">
          <params>
            <param index="0">
              <value>
                <![CDATA[[foo|0]]]>
              </value>
            </param>
            <param index="1">
              <value>
                <![CDATA[[foo|1]]]>
              </value>
            </param>
          </params>
          <reporter-output>
          </reporter-output>
        </test-method> <!-- shouldHaveDifferentHashCodeThanFalseDuplicates -->
        <test-method status="PASS" signature="shouldHaveDifferentHashCodeThanFalseDuplicates(storm.starter.tools.RankableObjectWithFields, storm.starter.tools.RankableObjectWithFields)[pri:0, instance:storm.starter.tools.RankableObjectWithFieldsTest@2c73bfb]" name="shouldHaveDifferentHashCodeThanFalseDuplicates" duration-ms="0" started-at="2013-06-29T18:55:05Z" data-provider="falseDuplicatesData" finished-at="2013-06-29T18:55:05Z">
          <params>
            <param index="0">
              <value>
                <![CDATA[[foo|1]]]>
              </value>
            </param>
            <param index="1">
              <value>
                <![CDATA[[Foo|1]]]>
              </value>
            </param>
          </params>
          <reporter-output>
          </reporter-output>
        </test-method> <!-- shouldHaveDifferentHashCodeThanFalseDuplicates -->
        <test-method status="PASS" signature="shouldHaveDifferentHashCodeThanFalseDuplicates(storm.starter.tools.RankableObjectWithFields, storm.starter.tools.RankableObjectWithFields)[pri:0, instance:storm.starter.tools.RankableObjectWithFieldsTest@2c73bfb]" name="shouldHaveDifferentHashCodeThanFalseDuplicates" duration-ms="0" started-at="2013-06-29T18:55:05Z" data-provider="falseDuplicatesData" finished-at="2013-06-29T18:55:05Z">
          <params>
            <param index="0">
              <value>
                <![CDATA[[foo|1]]]>
              </value>
            </param>
            <param index="1">
              <value>
                <![CDATA[[FOO|1]]]>
              </value>
            </param>
          </params>
          <reporter-output>
          </reporter-output>
        </test-method> <!-- shouldHaveDifferentHashCodeThanFalseDuplicates -->
        <test-method status="PASS" signature="shouldHaveDifferentHashCodeThanFalseDuplicates(storm.starter.tools.RankableObjectWithFields, storm.starter.tools.RankableObjectWithFields)[pri:0, instance:storm.starter.tools.RankableObjectWithFieldsTest@2c73bfb]" name="shouldHaveDifferentHashCodeThanFalseDuplicates" duration-ms="0" started-at="2013-06-29T18:55:05Z" data-provider="falseDuplicatesData" finished-at="2013-06-29T18:55:05Z">
          <params>
            <param index="0">
              <value>
                <![CDATA[[|1]]]>
              </value>
            </param>
            <param index="1">
              <value>
                <![CDATA[[bar|1]]]>
              </value>
            </param>
          </params>
          <reporter-output>
          </reporter-output>
        </test-method> <!-- shouldHaveDifferentHashCodeThanFalseDuplicates -->
        <test-method status="PASS" signature="shouldHaveDifferentHashCodeThanFalseDuplicates(storm.starter.tools.RankableObjectWithFields, storm.starter.tools.RankableObjectWithFields)[pri:0, instance:storm.starter.tools.RankableObjectWithFieldsTest@2c73bfb]" name="shouldHaveDifferentHashCodeThanFalseDuplicates" duration-ms="0" started-at="2013-06-29T18:55:05Z" data-provider="falseDuplicatesData" finished-at="2013-06-29T18:55:05Z">
          <params>
            <param index="0">
              <value>
                <![CDATA[[foo|1]]]>
              </value>
            </param>
            <param index="1">
              <value>
                <![CDATA[[bar|1]]]>
              </value>
            </param>
          </params>
          <reporter-output>
          </reporter-output>
        </test-method> <!-- shouldHaveDifferentHashCodeThanFalseDuplicates -->
        <test-method status="PASS" signature="shouldHaveDifferentHashCodeThanFalseDuplicates(storm.starter.tools.RankableObjectWithFields, storm.starter.tools.RankableObjectWithFields)[pri:0, instance:storm.starter.tools.RankableObjectWithFieldsTest@2c73bfb]" name="shouldHaveDifferentHashCodeThanFalseDuplicates" duration-ms="0" started-at="2013-06-29T18:55:05Z" data-provider="falseDuplicatesData" finished-at="2013-06-29T18:55:05Z">
          <params>
            <param index="0">
              <value>
                <![CDATA[[|0]]]>
              </value>
            </param>
            <param index="1">
              <value>
                <![CDATA[[|1]]]>
              </value>
            </param>
          </params>
          <reporter-output>
          </reporter-output>
        </test-method> <!-- shouldHaveDifferentHashCodeThanFalseDuplicates -->
        <test-method status="PASS" signature="shouldHaveSameHashCodeAsTrueDuplicates(storm.starter.tools.RankableObjectWithFields, storm.starter.tools.RankableObjectWithFields)[pri:0, instance:storm.starter.tools.RankableObjectWithFieldsTest@2c73bfb]" name="shouldHaveSameHashCodeAsTrueDuplicates" duration-ms="1" started-at="2013-06-29T18:55:05Z" data-provider="trueDuplicatesData" finished-at="2013-06-29T18:55:05Z">
          <params>
            <param index="0">
              <value>
                <![CDATA[[foo|0]]]>
              </value>
            </param>
            <param index="1">
              <value>
                <![CDATA[[foo|0]]]>
              </value>
            </param>
          </params>
          <reporter-output>
          </reporter-output>
        </test-method> <!-- shouldHaveSameHashCodeAsTrueDuplicates -->
        <test-method status="PASS" signature="shouldHaveSameHashCodeAsTrueDuplicates(storm.starter.tools.RankableObjectWithFields, storm.starter.tools.RankableObjectWithFields)[pri:0, instance:storm.starter.tools.RankableObjectWithFieldsTest@2c73bfb]" name="shouldHaveSameHashCodeAsTrueDuplicates" duration-ms="0" started-at="2013-06-29T18:55:05Z" data-provider="trueDuplicatesData" finished-at="2013-06-29T18:55:05Z">
          <params>
            <param index="0">
              <value>
                <![CDATA[[foo|0]]]>
              </value>
            </param>
            <param index="1">
              <value>
                <![CDATA[[foo|0|someOtherField]]]>
              </value>
            </param>
          </params>
          <reporter-output>
          </reporter-output>
        </test-method> <!-- shouldHaveSameHashCodeAsTrueDuplicates -->
        <test-method status="PASS" signature="shouldHaveSameHashCodeAsTrueDuplicates(storm.starter.tools.RankableObjectWithFields, storm.starter.tools.RankableObjectWithFields)[pri:0, instance:storm.starter.tools.RankableObjectWithFieldsTest@2c73bfb]" name="shouldHaveSameHashCodeAsTrueDuplicates" duration-ms="0" started-at="2013-06-29T18:55:05Z" data-provider="trueDuplicatesData" finished-at="2013-06-29T18:55:05Z">
          <params>
            <param index="0">
              <value>
                <![CDATA[[foo|0|someField]]]>
              </value>
            </param>
            <param index="1">
              <value>
                <![CDATA[[foo|0|someOtherField]]]>
              </value>
            </param>
          </params>
          <reporter-output>
          </reporter-output>
        </test-method> <!-- shouldHaveSameHashCodeAsTrueDuplicates -->
        <test-method status="PASS" signature="shouldNotBeEqualToFalseDuplicates(storm.starter.tools.RankableObjectWithFields, storm.starter.tools.RankableObjectWithFields)[pri:0, instance:storm.starter.tools.RankableObjectWithFieldsTest@2c73bfb]" name="shouldNotBeEqualToFalseDuplicates" duration-ms="0" started-at="2013-06-29T18:55:05Z" data-provider="falseDuplicatesData" finished-at="2013-06-29T18:55:05Z">
          <params>
            <param index="0">
              <value>
                <![CDATA[[foo|0]]]>
              </value>
            </param>
            <param index="1">
              <value>
                <![CDATA[[foo|1]]]>
              </value>
            </param>
          </params>
          <reporter-output>
          </reporter-output>
        </test-method> <!-- shouldNotBeEqualToFalseDuplicates -->
        <test-method status="PASS" signature="shouldNotBeEqualToFalseDuplicates(storm.starter.tools.RankableObjectWithFields, storm.starter.tools.RankableObjectWithFields)[pri:0, instance:storm.starter.tools.RankableObjectWithFieldsTest@2c73bfb]" name="shouldNotBeEqualToFalseDuplicates" duration-ms="1" started-at="2013-06-29T18:55:05Z" data-provider="falseDuplicatesData" finished-at="2013-06-29T18:55:05Z">
          <params>
            <param index="0">
              <value>
                <![CDATA[[foo|1]]]>
              </value>
            </param>
            <param index="1">
              <value>
                <![CDATA[[Foo|1]]]>
              </value>
            </param>
          </params>
          <reporter-output>
          </reporter-output>
        </test-method> <!-- shouldNotBeEqualToFalseDuplicates -->
        <test-method status="PASS" signature="shouldNotBeEqualToFalseDuplicates(storm.starter.tools.RankableObjectWithFields, storm.starter.tools.RankableObjectWithFields)[pri:0, instance:storm.starter.tools.RankableObjectWithFieldsTest@2c73bfb]" name="shouldNotBeEqualToFalseDuplicates" duration-ms="0" started-at="2013-06-29T18:55:05Z" data-provider="falseDuplicatesData" finished-at="2013-06-29T18:55:05Z">
          <params>
            <param index="0">
              <value>
                <![CDATA[[foo|1]]]>
              </value>
            </param>
            <param index="1">
              <value>
                <![CDATA[[bar|1]]]>
              </value>
            </param>
          </params>
          <reporter-output>
          </reporter-output>
        </test-method> <!-- shouldNotBeEqualToFalseDuplicates -->
        <test-method status="PASS" signature="shouldNotBeEqualToFalseDuplicates(storm.starter.tools.RankableObjectWithFields, storm.starter.tools.RankableObjectWithFields)[pri:0, instance:storm.starter.tools.RankableObjectWithFieldsTest@2c73bfb]" name="shouldNotBeEqualToFalseDuplicates" duration-ms="0" started-at="2013-06-29T18:55:05Z" data-provider="falseDuplicatesData" finished-at="2013-06-29T18:55:05Z">
          <params>
            <param index="0">
              <value>
                <![CDATA[[|0]]]>
              </value>
            </param>
            <param index="1">
              <value>
                <![CDATA[[|1]]]>
              </value>
            </param>
          </params>
          <reporter-output>
          </reporter-output>
        </test-method> <!-- shouldNotBeEqualToFalseDuplicates -->
        <test-method status="PASS" signature="shouldNotBeEqualToFalseDuplicates(storm.starter.tools.RankableObjectWithFields, storm.starter.tools.RankableObjectWithFields)[pri:0, instance:storm.starter.tools.RankableObjectWithFieldsTest@2c73bfb]" name="shouldNotBeEqualToFalseDuplicates" duration-ms="0" started-at="2013-06-29T18:55:05Z" data-provider="falseDuplicatesData" finished-at="2013-06-29T18:55:05Z">
          <params>
            <param index="0">
              <value>
                <![CDATA[[|1]]]>
              </value>
            </param>
            <param index="1">
              <value>
                <![CDATA[[bar|1]]]>
              </value>
            </param>
          </params>
          <reporter-output>
          </reporter-output>
        </test-method> <!-- shouldNotBeEqualToFalseDuplicates -->
        <test-method status="PASS" signature="shouldNotBeEqualToFalseDuplicates(storm.starter.tools.RankableObjectWithFields, storm.starter.tools.RankableObjectWithFields)[pri:0, instance:storm.starter.tools.RankableObjectWithFieldsTest@2c73bfb]" name="shouldNotBeEqualToFalseDuplicates" duration-ms="0" started-at="2013-06-29T18:55:05Z" data-provider="falseDuplicatesData" finished-at="2013-06-29T18:55:05Z">
          <params>
            <param index="0">
              <value>
                <![CDATA[[foo|1]]]>
              </value>
            </param>
            <param index="1">
              <value>
                <![CDATA[[FOO|1]]]>
              </value>
            </param>
          </params>
          <reporter-output>
          </reporter-output>
        </test-method> <!-- shouldNotBeEqualToFalseDuplicates -->
        <test-method status="PASS" signature="shouldNotBeEqualToInstancesOfOtherClasses(java.lang.Object)[pri:0, instance:storm.starter.tools.RankableObjectWithFieldsTest@2c73bfb]" name="shouldNotBeEqualToInstancesOfOtherClasses" duration-ms="0" started-at="2013-06-29T18:55:05Z" data-provider="otherClassesData" finished-at="2013-06-29T18:55:05Z">
          <params>
            <param index="0">
              <value>
                <![CDATA[java.lang.Object@9f6bfca]]>
              </value>
            </param>
          </params>
          <reporter-output>
          </reporter-output>
        </test-method> <!-- shouldNotBeEqualToInstancesOfOtherClasses -->
        <test-method status="PASS" signature="shouldNotBeEqualToInstancesOfOtherClasses(java.lang.Object)[pri:0, instance:storm.starter.tools.RankableObjectWithFieldsTest@2c73bfb]" name="shouldNotBeEqualToInstancesOfOtherClasses" duration-ms="0" started-at="2013-06-29T18:55:05Z" data-provider="otherClassesData" finished-at="2013-06-29T18:55:05Z">
          <params>
            <param index="0">
              <value>
                <![CDATA[foo]]>
              </value>
            </param>
          </params>
          <reporter-output>
          </reporter-output>
        </test-method> <!-- shouldNotBeEqualToInstancesOfOtherClasses -->
        <test-method status="PASS" signature="shouldNotBeEqualToInstancesOfOtherClasses(java.lang.Object)[pri:0, instance:storm.starter.tools.RankableObjectWithFieldsTest@2c73bfb]" name="shouldNotBeEqualToInstancesOfOtherClasses" duration-ms="0" started-at="2013-06-29T18:55:05Z" data-provider="otherClassesData" finished-at="2013-06-29T18:55:05Z">
          <params>
            <param index="0">
              <value>
                <![CDATA[[7, 8, 9]]]>
              </value>
            </param>
          </params>
          <reporter-output>
          </reporter-output>
        </test-method> <!-- shouldNotBeEqualToInstancesOfOtherClasses -->
        <test-method status="PASS" signature="shouldNotBeEqualToInstancesOfOtherClasses(java.lang.Object)[pri:0, instance:storm.starter.tools.RankableObjectWithFieldsTest@2c73bfb]" name="shouldNotBeEqualToInstancesOfOtherClasses" duration-ms="0" started-at="2013-06-29T18:55:05Z" data-provider="otherClassesData" finished-at="2013-06-29T18:55:05Z">
          <params>
            <param index="0">
              <value>
                <![CDATA[4]]>
              </value>
            </param>
          </params>
          <reporter-output>
          </reporter-output>
        </test-method> <!-- shouldNotBeEqualToInstancesOfOtherClasses -->
        <test-method status="PASS" signature="shouldReturnTheCount()[pri:0, instance:storm.starter.tools.RankableObjectWithFieldsTest@2c73bfb]" name="shouldReturnTheCount" duration-ms="0" started-at="2013-06-29T18:55:05Z" finished-at="2013-06-29T18:55:05Z">
          <reporter-output>
          </reporter-output>
        </test-method> <!-- shouldReturnTheCount -->
        <test-method status="PASS" signature="shouldReturnTheFields(java.lang.Object, long, [Ljava.lang.Object;)[pri:0, instance:storm.starter.tools.RankableObjectWithFieldsTest@2c73bfb]" name="shouldReturnTheFields" duration-ms="1" started-at="2013-06-29T18:55:05Z" data-provider="fieldsData" finished-at="2013-06-29T18:55:05Z">
          <params>
            <param index="0">
              <value>
                <![CDATA[quux]]>
              </value>
            </param>
            <param index="1">
              <value>
                <![CDATA[42]]>
              </value>
            </param>
            <param index="2">
              <value>
                <![CDATA[[Ljava.lang.Object;@3e43042d]]>
              </value>
            </param>
          </params>
          <reporter-output>
          </reporter-output>
        </test-method> <!-- shouldReturnTheFields -->
        <test-method status="PASS" signature="shouldReturnTheFields(java.lang.Object, long, [Ljava.lang.Object;)[pri:0, instance:storm.starter.tools.RankableObjectWithFieldsTest@2c73bfb]" name="shouldReturnTheFields" duration-ms="0" started-at="2013-06-29T18:55:05Z" data-provider="fieldsData" finished-at="2013-06-29T18:55:05Z">
          <params>
            <param index="0">
              <value>
                <![CDATA[java.lang.Object@b0fed2c]]>
              </value>
            </param>
            <param index="1">
              <value>
                <![CDATA[271]]>
              </value>
            </param>
            <param index="2">
              <value>
                <![CDATA[[Ljava.lang.Object;@5f203fe5]]>
              </value>
            </param>
          </params>
          <reporter-output>
          </reporter-output>
        </test-method> <!-- shouldReturnTheFields -->
        <test-method status="PASS" signature="shouldReturnTheObject()[pri:0, instance:storm.starter.tools.RankableObjectWithFieldsTest@2c73bfb]" name="shouldReturnTheObject" duration-ms="0" started-at="2013-06-29T18:55:05Z" finished-at="2013-06-29T18:55:05Z">
          <reporter-output>
          </reporter-output>
        </test-method> <!-- shouldReturnTheObject -->
        <test-method status="PASS" signature="toStringShouldContainStringRepresentationsOfObjectAndCount(java.lang.Object, long)[pri:0, instance:storm.starter.tools.RankableObjectWithFieldsTest@2c73bfb]" name="toStringShouldContainStringRepresentationsOfObjectAndCount" duration-ms="1" started-at="2013-06-29T18:55:05Z" data-provider="toStringData" finished-at="2013-06-29T18:55:05Z">
          <params>
            <param index="0">
              <value>
                <![CDATA[foo]]>
              </value>
            </param>
            <param index="1">
              <value>
                <![CDATA[0]]>
              </value>
            </param>
          </params>
          <reporter-output>
          </reporter-output>
        </test-method> <!-- toStringShouldContainStringRepresentationsOfObjectAndCount -->
        <test-method status="PASS" signature="toStringShouldContainStringRepresentationsOfObjectAndCount(java.lang.Object, long)[pri:0, instance:storm.starter.tools.RankableObjectWithFieldsTest@2c73bfb]" name="toStringShouldContainStringRepresentationsOfObjectAndCount" duration-ms="0" started-at="2013-06-29T18:55:05Z" data-provider="toStringData" finished-at="2013-06-29T18:55:05Z">
          <params>
            <param index="0">
              <value>
                <![CDATA[BAR]]>
              </value>
            </param>
            <param index="1">
              <value>
                <![CDATA[8]]>
              </value>
            </param>
          </params>
          <reporter-output>
          </reporter-output>
        </test-method> <!-- toStringShouldContainStringRepresentationsOfObjectAndCount -->
        <test-method status="PASS" signature="verifyCompareTo(storm.starter.tools.RankableObjectWithFields, storm.starter.tools.RankableObjectWithFields, int)[pri:0, instance:storm.starter.tools.RankableObjectWithFieldsTest@2c73bfb]" name="verifyCompareTo" duration-ms="0" started-at="2013-06-29T18:55:05Z" data-provider="compareToData" finished-at="2013-06-29T18:55:05Z">
          <params>
            <param index="0">
              <value>
                <![CDATA[[foo|1]]]>
              </value>
            </param>
            <param index="1">
              <value>
                <![CDATA[[bar|0]]]>
              </value>
            </param>
            <param index="2">
              <value>
                <![CDATA[1]]>
              </value>
            </param>
          </params>
          <reporter-output>
          </reporter-output>
        </test-method> <!-- verifyCompareTo -->
        <test-method status="PASS" signature="verifyCompareTo(storm.starter.tools.RankableObjectWithFields, storm.starter.tools.RankableObjectWithFields, int)[pri:0, instance:storm.starter.tools.RankableObjectWithFieldsTest@2c73bfb]" name="verifyCompareTo" duration-ms="1" started-at="2013-06-29T18:55:05Z" data-provider="compareToData" finished-at="2013-06-29T18:55:05Z">
          <params>
            <param index="0">
              <value>
                <![CDATA[[foo|0]]]>
              </value>
            </param>
            <param index="1">
              <value>
                <![CDATA[[foo|1000]]]>
              </value>
            </param>
            <param index="2">
              <value>
                <![CDATA[-1]]>
              </value>
            </param>
          </params>
          <reporter-output>
          </reporter-output>
        </test-method> <!-- verifyCompareTo -->
        <test-method status="PASS" signature="verifyCompareTo(storm.starter.tools.RankableObjectWithFields, storm.starter.tools.RankableObjectWithFields, int)[pri:0, instance:storm.starter.tools.RankableObjectWithFieldsTest@2c73bfb]" name="verifyCompareTo" duration-ms="0" started-at="2013-06-29T18:55:05Z" data-provider="compareToData" finished-at="2013-06-29T18:55:05Z">
          <params>
            <param index="0">
              <value>
                <![CDATA[[foo|0]]]>
              </value>
            </param>
            <param index="1">
              <value>
                <![CDATA[[foo|0]]]>
              </value>
            </param>
            <param index="2">
              <value>
                <![CDATA[0]]>
              </value>
            </param>
          </params>
          <reporter-output>
          </reporter-output>
        </test-method> <!-- verifyCompareTo -->
        <test-method status="PASS" signature="verifyCompareTo(storm.starter.tools.RankableObjectWithFields, storm.starter.tools.RankableObjectWithFields, int)[pri:0, instance:storm.starter.tools.RankableObjectWithFieldsTest@2c73bfb]" name="verifyCompareTo" duration-ms="0" started-at="2013-06-29T18:55:05Z" data-provider="compareToData" finished-at="2013-06-29T18:55:05Z">
          <params>
            <param index="0">
              <value>
                <![CDATA[[foo|1000]]]>
              </value>
            </param>
            <param index="1">
              <value>
                <![CDATA[[bar|0]]]>
              </value>
            </param>
            <param index="2">
              <value>
                <![CDATA[1]]>
              </value>
            </param>
          </params>
          <reporter-output>
          </reporter-output>
        </test-method> <!-- verifyCompareTo -->
        <test-method status="PASS" signature="verifyCompareTo(storm.starter.tools.RankableObjectWithFields, storm.starter.tools.RankableObjectWithFields, int)[pri:0, instance:storm.starter.tools.RankableObjectWithFieldsTest@2c73bfb]" name="verifyCompareTo" duration-ms="0" started-at="2013-06-29T18:55:05Z" data-provider="compareToData" finished-at="2013-06-29T18:55:05Z">
          <params>
            <param index="0">
              <value>
                <![CDATA[[foo|1]]]>
              </value>
            </param>
            <param index="1">
              <value>
                <![CDATA[[foo|0]]]>
              </value>
            </param>
            <param index="2">
              <value>
                <![CDATA[1]]>
              </value>
            </param>
          </params>
          <reporter-output>
          </reporter-output>
        </test-method> <!-- verifyCompareTo -->
        <test-method status="PASS" signature="verifyCompareTo(storm.starter.tools.RankableObjectWithFields, storm.starter.tools.RankableObjectWithFields, int)[pri:0, instance:storm.starter.tools.RankableObjectWithFieldsTest@2c73bfb]" name="verifyCompareTo" duration-ms="0" started-at="2013-06-29T18:55:05Z" data-provider="compareToData" finished-at="2013-06-29T18:55:05Z">
          <params>
            <param index="0">
              <value>
                <![CDATA[[foo|1000]]]>
              </value>
            </param>
            <param index="1">
              <value>
                <![CDATA[[foo|0]]]>
              </value>
            </param>
            <param index="2">
              <value>
                <![CDATA[1]]>
              </value>
            </param>
          </params>
          <reporter-output>
          </reporter-output>
        </test-method> <!-- verifyCompareTo -->
        <test-method status="PASS" signature="verifyCompareTo(storm.starter.tools.RankableObjectWithFields, storm.starter.tools.RankableObjectWithFields, int)[pri:0, instance:storm.starter.tools.RankableObjectWithFieldsTest@2c73bfb]" name="verifyCompareTo" duration-ms="0" started-at="2013-06-29T18:55:05Z" data-provider="compareToData" finished-at="2013-06-29T18:55:05Z">
          <params>
            <param index="0">
              <value>
                <![CDATA[[foo|0]]]>
              </value>
            </param>
            <param index="1">
              <value>
                <![CDATA[[bar|0]]]>
              </value>
            </param>
            <param index="2">
              <value>
                <![CDATA[0]]>
              </value>
            </param>
          </params>
          <reporter-output>
          </reporter-output>
        </test-method> <!-- verifyCompareTo -->
        <test-method status="PASS" signature="verifyCompareTo(storm.starter.tools.RankableObjectWithFields, storm.starter.tools.RankableObjectWithFields, int)[pri:0, instance:storm.starter.tools.RankableObjectWithFieldsTest@2c73bfb]" name="verifyCompareTo" duration-ms="0" started-at="2013-06-29T18:55:05Z" data-provider="compareToData" finished-at="2013-06-29T18:55:05Z">
          <params>
            <param index="0">
              <value>
                <![CDATA[[foo|0]]]>
              </value>
            </param>
            <param index="1">
              <value>
                <![CDATA[[bar|1000]]]>
              </value>
            </param>
            <param index="2">
              <value>
                <![CDATA[-1]]>
              </value>
            </param>
          </params>
          <reporter-output>
          </reporter-output>
        </test-method> <!-- verifyCompareTo -->
        <test-method status="PASS" signature="verifyCompareTo(storm.starter.tools.RankableObjectWithFields, storm.starter.tools.RankableObjectWithFields, int)[pri:0, instance:storm.starter.tools.RankableObjectWithFieldsTest@2c73bfb]" name="verifyCompareTo" duration-ms="0" started-at="2013-06-29T18:55:05Z" data-provider="compareToData" finished-at="2013-06-29T18:55:05Z">
          <params>
            <param index="0">
              <value>
                <![CDATA[[foo|0]]]>
              </value>
            </param>
            <param index="1">
              <value>
                <![CDATA[[foo|1]]]>
              </value>
            </param>
            <param index="2">
              <value>
                <![CDATA[-1]]>
              </value>
            </param>
          </params>
          <reporter-output>
          </reporter-output>
        </test-method> <!-- verifyCompareTo -->
        <test-method status="PASS" signature="verifyCompareTo(storm.starter.tools.RankableObjectWithFields, storm.starter.tools.RankableObjectWithFields, int)[pri:0, instance:storm.starter.tools.RankableObjectWithFieldsTest@2c73bfb]" name="verifyCompareTo" duration-ms="0" started-at="2013-06-29T18:55:05Z" data-provider="compareToData" finished-at="2013-06-29T18:55:05Z">
          <params>
            <param index="0">
              <value>
                <![CDATA[[foo|0]]]>
              </value>
            </param>
            <param index="1">
              <value>
                <![CDATA[[bar|1]]]>
              </value>
            </param>
            <param index="2">
              <value>
                <![CDATA[-1]]>
              </value>
            </param>
          </params>
          <reporter-output>
          </reporter-output>
        </test-method> <!-- verifyCompareTo -->
      </class> <!-- storm.starter.tools.RankableObjectWithFieldsTest -->
      <class name="storm.starter.bolt.TotalRankingsBoltTest">
        <test-method status="PASS" signature="negativeOrZeroEmitFrequencyShouldThrowIAE(int)[pri:0, instance:storm.starter.bolt.TotalRankingsBoltTest@1191ebc5]" name="negativeOrZeroEmitFrequencyShouldThrowIAE" duration-ms="0" started-at="2013-06-29T18:55:05Z" data-provider="illegalEmitFrequency" finished-at="2013-06-29T18:55:05Z">
          <params>
            <param index="0">
              <value>
                <![CDATA[-2]]>
              </value>
            </param>
          </params>
          <exception class="java.lang.IllegalArgumentException">
            <message>
              <![CDATA[The emit frequency must be >= 1 seconds (you requested -2 seconds)]]>
            </message>
            <full-stacktrace>
              <![CDATA[java.lang.IllegalArgumentException: The emit frequency must be >= 1 seconds (you requested -2 seconds)
	at storm.starter.bolt.AbstractRankerBolt.<init>(AbstractRankerBolt.java:49)
	at storm.starter.bolt.TotalRankingsBolt.<init>(TotalRankingsBolt.java:29)
	at storm.starter.bolt.TotalRankingsBoltTest.negativeOrZeroEmitFrequencyShouldThrowIAE(TotalRankingsBoltTest.java:57)
	at sun.reflect.NativeMethodAccessorImpl.invoke0(Native Method)
	at sun.reflect.NativeMethodAccessorImpl.invoke(NativeMethodAccessorImpl.java:57)
	at sun.reflect.DelegatingMethodAccessorImpl.invoke(DelegatingMethodAccessorImpl.java:43)
	at java.lang.reflect.Method.invoke(Method.java:601)
	at org.testng.internal.MethodInvocationHelper.invokeMethod(MethodInvocationHelper.java:80)
	at org.testng.internal.Invoker.invokeMethod(Invoker.java:714)
	at org.testng.internal.Invoker.invokeTestMethod(Invoker.java:901)
	at org.testng.internal.Invoker.invokeTestMethods(Invoker.java:1231)
	at org.testng.internal.TestMethodWorker.invokeTestMethods(TestMethodWorker.java:127)
	at org.testng.internal.TestMethodWorker.run(TestMethodWorker.java:111)
	at org.testng.TestRunner.privateRun(TestRunner.java:767)
	at org.testng.TestRunner.run(TestRunner.java:617)
	at org.testng.SuiteRunner.runTest(SuiteRunner.java:334)
	at org.testng.SuiteRunner.runSequentially(SuiteRunner.java:329)
	at org.testng.SuiteRunner.privateRun(SuiteRunner.java:291)
	at org.testng.SuiteRunner.run(SuiteRunner.java:240)
	at org.testng.SuiteRunnerWorker.runSuite(SuiteRunnerWorker.java:52)
	at org.testng.SuiteRunnerWorker.run(SuiteRunnerWorker.java:86)
	at org.testng.TestNG.runSuitesSequentially(TestNG.java:1198)
	at org.testng.TestNG.runSuitesLocally(TestNG.java:1123)
	at org.testng.TestNG.run(TestNG.java:1031)
	at org.apache.maven.surefire.testng.TestNGExecutor.run(TestNGExecutor.java:60)
	at org.apache.maven.surefire.testng.TestNGDirectoryTestSuite.executeMulti(TestNGDirectoryTestSuite.java:153)
	at org.apache.maven.surefire.testng.TestNGDirectoryTestSuite.execute(TestNGDirectoryTestSuite.java:99)
	at org.apache.maven.surefire.testng.TestNGProvider.invoke(TestNGProvider.java:111)
	at sun.reflect.NativeMethodAccessorImpl.invoke0(Native Method)
	at sun.reflect.NativeMethodAccessorImpl.invoke(NativeMethodAccessorImpl.java:57)
	at sun.reflect.DelegatingMethodAccessorImpl.invoke(DelegatingMethodAccessorImpl.java:43)
	at java.lang.reflect.Method.invoke(Method.java:601)
	at org.apache.maven.surefire.booter.ProviderFactory$ClassLoaderProxy.invoke(ProviderFactory.java:103)
	at com.sun.proxy.$Proxy0.invoke(Unknown Source)
	at org.apache.maven.surefire.booter.SurefireStarter.invokeProvider(SurefireStarter.java:150)
	at org.apache.maven.surefire.booter.SurefireStarter.runSuitesInProcess(SurefireStarter.java:91)
	at org.apache.maven.surefire.booter.ForkedBooter.main(ForkedBooter.java:69)
]]>
            </full-stacktrace>
          </exception> <!-- java.lang.IllegalArgumentException -->
          <reporter-output>
          </reporter-output>
        </test-method> <!-- negativeOrZeroEmitFrequencyShouldThrowIAE -->
        <test-method status="PASS" signature="negativeOrZeroEmitFrequencyShouldThrowIAE(int)[pri:0, instance:storm.starter.bolt.TotalRankingsBoltTest@1191ebc5]" name="negativeOrZeroEmitFrequencyShouldThrowIAE" duration-ms="0" started-at="2013-06-29T18:55:05Z" data-provider="illegalEmitFrequency" finished-at="2013-06-29T18:55:05Z">
          <params>
            <param index="0">
              <value>
                <![CDATA[-10]]>
              </value>
            </param>
          </params>
          <exception class="java.lang.IllegalArgumentException">
            <message>
              <![CDATA[The emit frequency must be >= 1 seconds (you requested -10 seconds)]]>
            </message>
            <full-stacktrace>
              <![CDATA[java.lang.IllegalArgumentException: The emit frequency must be >= 1 seconds (you requested -10 seconds)
	at storm.starter.bolt.AbstractRankerBolt.<init>(AbstractRankerBolt.java:49)
	at storm.starter.bolt.TotalRankingsBolt.<init>(TotalRankingsBolt.java:29)
	at storm.starter.bolt.TotalRankingsBoltTest.negativeOrZeroEmitFrequencyShouldThrowIAE(TotalRankingsBoltTest.java:57)
	at sun.reflect.NativeMethodAccessorImpl.invoke0(Native Method)
	at sun.reflect.NativeMethodAccessorImpl.invoke(NativeMethodAccessorImpl.java:57)
	at sun.reflect.DelegatingMethodAccessorImpl.invoke(DelegatingMethodAccessorImpl.java:43)
	at java.lang.reflect.Method.invoke(Method.java:601)
	at org.testng.internal.MethodInvocationHelper.invokeMethod(MethodInvocationHelper.java:80)
	at org.testng.internal.Invoker.invokeMethod(Invoker.java:714)
	at org.testng.internal.Invoker.invokeTestMethod(Invoker.java:901)
	at org.testng.internal.Invoker.invokeTestMethods(Invoker.java:1231)
[...]
	at org.testng.internal.TestMethodWorker.invokeTestMethods(TestMethodWorker.java:127)
	at org.testng.internal.TestMethodWorker.run(TestMethodWorker.java:111)
	at org.testng.TestRunner.privateRun(TestRunner.java:767)
	at org.testng.TestRunner.run(TestRunner.java:617)
	at org.testng.SuiteRunner.runTest(SuiteRunner.java:334)
	at org.testng.SuiteRunner.runSequentially(SuiteRunner.java:329)
	at org.testng.SuiteRunner.privateRun(SuiteRunner.java:291)
	at org.testng.SuiteRunner.run(SuiteRunner.java:240)
	at org.testng.SuiteRunnerWorker.runSuite(SuiteRunnerWorker.java:52)
	at org.testng.SuiteRunnerWorker.run(SuiteRunnerWorker.java:86)
	at org.testng.TestNG.runSuitesSequentially(TestNG.java:1198)
	at org.testng.TestNG.runSuitesLocally(TestNG.java:1123)
	at org.testng.TestNG.run(TestNG.java:1031)
	at org.apache.maven.surefire.testng.TestNGExecutor.run(TestNGExecutor.java:60)
	at org.apache.maven.surefire.testng.TestNGDirectoryTestSuite.executeMulti(TestNGDirectoryTestSuite.java:153)
	at org.apache.maven.surefire.testng.TestNGDirectoryTestSuite.execute(TestNGDirectoryTestSuite.java:99)
	at org.apache.maven.surefire.testng.TestNGProvider.invoke(TestNGProvider.java:111)
	at sun.reflect.NativeMethodAccessorImpl.invoke0(Native Method)
	at sun.reflect.NativeMethodAccessorImpl.invoke(NativeMethodAccessorImpl.java:57)
	at sun.reflect.DelegatingMethodAccessorImpl.invoke(DelegatingMethodAccessorImpl.java:43)
	at java.lang.reflect.Method.invoke(Method.java:601)
	at org.apache.maven.surefire.booter.ProviderFactory$ClassLoaderProxy.invoke(ProviderFactory.java:103)
	at com.sun.proxy.$Proxy0.invoke(Unknown Source)
	at org.apache.maven.surefire.booter.SurefireStarter.invokeProvider(SurefireStarter.java:150)
	at org.apache.maven.surefire.booter.SurefireStarter.runSuitesInProcess(SurefireStarter.java:91)
	at org.apache.maven.surefire.booter.ForkedBooter.main(ForkedBooter.java:69)
]]>
            </full-stacktrace>
          </exception> <!-- java.lang.IllegalArgumentException -->
          <reporter-output>
          </reporter-output>
        </test-method> <!-- lessThanTwoSlotsShouldThrowIAE -->
        <test-method status="PASS" signature="lessThanTwoSlotsShouldThrowIAE(int)[pri:0, instance:storm.starter.tools.SlidingWindowCounterTest@6632dd29]" name="lessThanTwoSlotsShouldThrowIAE" duration-ms="0" started-at="2013-06-29T18:55:05Z" data-provider="illegalWindowLengths" finished-at="2013-06-29T18:55:05Z">
          <params>
            <param index="0">
              <value>
                <![CDATA[-2]]>
              </value>
            </param>
          </params>
          <exception class="java.lang.IllegalArgumentException">
            <message>
              <![CDATA[Window length in slots must be at least two (you requested -2)]]>
            </message>
            <full-stacktrace>
              <![CDATA[java.lang.IllegalArgumentException: Window length in slots must be at least two (you requested -2)
	at storm.starter.tools.SlidingWindowCounter.<init>(SlidingWindowCounter.java:63)
	at storm.starter.tools.SlidingWindowCounterTest.lessThanTwoSlotsShouldThrowIAE(SlidingWindowCounterTest.java:22)
	at sun.reflect.NativeMethodAccessorImpl.invoke0(Native Method)
	at sun.reflect.NativeMethodAccessorImpl.invoke(NativeMethodAccessorImpl.java:57)
	at sun.reflect.DelegatingMethodAccessorImpl.invoke(DelegatingMethodAccessorImpl.java:43)
	at java.lang.reflect.Method.invoke(Method.java:601)
	at org.testng.internal.MethodInvocationHelper.invokeMethod(MethodInvocationHelper.java:80)
	at org.testng.internal.Invoker.invokeMethod(Invoker.java:714)
	at org.testng.internal.Invoker.invokeTestMethod(Invoker.java:901)
	at org.testng.internal.Invoker.invokeTestMethods(Invoker.java:1231)
	at org.testng.internal.TestMethodWorker.invokeTestMethods(TestMethodWorker.java:127)
	at org.testng.internal.TestMethodWorker.run(TestMethodWorker.java:111)
	at org.testng.TestRunner.privateRun(TestRunner.java:767)
	at org.testng.TestRunner.run(TestRunner.java:617)
	at org.testng.SuiteRunner.runTest(SuiteRunner.java:334)
	at org.testng.SuiteRunner.runSequentially(SuiteRunner.java:329)
	at org.testng.SuiteRunner.privateRun(SuiteRunner.java:291)
	at org.testng.SuiteRunner.run(SuiteRunner.java:240)
	at org.testng.SuiteRunnerWorker.runSuite(SuiteRunnerWorker.java:52)
	at org.testng.SuiteRunnerWorker.run(SuiteRunnerWorker.java:86)
	at org.testng.TestNG.runSuitesSequentially(TestNG.java:1198)
	at org.testng.TestNG.runSuitesLocally(TestNG.java:1123)
	at org.testng.TestNG.run(TestNG.java:1031)
	at org.apache.maven.surefire.testng.TestNGExecutor.run(TestNGExecutor.java:60)
	at org.apache.maven.surefire.testng.TestNGDirectoryTestSuite.executeMulti(TestNGDirectoryTestSuite.java:153)
	at org.apache.maven.surefire.testng.TestNGDirectoryTestSuite.execute(TestNGDirectoryTestSuite.java:99)
	at org.apache.maven.surefire.testng.TestNGProvider.invoke(TestNGProvider.java:111)
	at sun.reflect.NativeMethodAccessorImpl.invoke0(Native Method)
	at sun.reflect.NativeMethodAccessorImpl.invoke(NativeMethodAccessorImpl.java:57)
	at sun.reflect.DelegatingMethodAccessorImpl.invoke(DelegatingMethodAccessorImpl.java:43)
	at java.lang.reflect.Method.invoke(Method.java:601)
	at org.apache.maven.surefire.booter.ProviderFactory$ClassLoaderProxy.invoke(ProviderFactory.java:103)
	at com.sun.proxy.$Proxy0.invoke(Unknown Source)
	at org.apache.maven.surefire.booter.SurefireStarter.invokeProvider(SurefireStarter.java:150)
	at org.apache.maven.surefire.booter.SurefireStarter.runSuitesInProcess(SurefireStarter.java:91)
	at org.apache.maven.surefire.booter.ForkedBooter.main(ForkedBooter.java:69)
]]>
            </full-stacktrace>
          </exception> <!-- java.lang.IllegalArgumentException -->
          <reporter-output>
          </reporter-output>
        </test-method> <!-- lessThanTwoSlotsShouldThrowIAE -->
        <test-method status="PASS" signature="lessThanTwoSlotsShouldThrowIAE(int)[pri:0, instance:storm.starter.tools.SlidingWindowCounterTest@6632dd29]" name="lessThanTwoSlotsShouldThrowIAE" duration-ms="0" started-at="2013-06-29T18:55:05Z" data-provider="illegalWindowLengths" finished-at="2013-06-29T18:55:05Z">
          <params>
            <param index="0">
              <value>
                <![CDATA[-10]]>
              </value>
            </param>
          </params>
          <exception class="java.lang.IllegalArgumentException">
            <message>
              <![CDATA[Window length in slots must be at least two (you requested -10)]]>
            </message>
            <full-stacktrace>
              <![CDATA[java.lang.IllegalArgumentException: Window length in slots must be at least two (you requested -10)
	at storm.starter.tools.SlidingWindowCounter.<init>(SlidingWindowCounter.java:63)
	at storm.starter.tools.SlidingWindowCounterTest.lessThanTwoSlotsShouldThrowIAE(SlidingWindowCounterTest.java:22)
	at sun.reflect.NativeMethodAccessorImpl.invoke0(Native Method)
	at sun.reflect.NativeMethodAccessorImpl.invoke(NativeMethodAccessorImpl.java:57)
	at sun.reflect.DelegatingMethodAccessorImpl.invoke(DelegatingMethodAccessorImpl.java:43)
	at java.lang.reflect.Method.invoke(Method.java:601)
	at org.testng.internal.MethodInvocationHelper.invokeMethod(MethodInvocationHelper.java:80)
	at org.testng.internal.Invoker.invokeMethod(Invoker.java:714)
	at org.testng.internal.Invoker.invokeTestMethod(Invoker.java:901)
	at org.testng.internal.Invoker.invokeTestMethods(Invoker.java:1231)
	at org.testng.internal.TestMethodWorker.invokeTestMethods(TestMethodWorker.java:127)
	at org.testng.internal.TestMethodWorker.run(TestMethodWorker.java:111)
	at org.testng.TestRunner.privateRun(TestRunner.java:767)
	at org.testng.TestRunner.run(TestRunner.java:617)
	at org.testng.SuiteRunner.runTest(SuiteRunner.java:334)
	at org.testng.SuiteRunner.runSequentially(SuiteRunner.java:329)
	at org.testng.SuiteRunner.privateRun(SuiteRunner.java:291)
	at org.testng.SuiteRunner.run(SuiteRunner.java:240)
	at org.testng.SuiteRunnerWorker.runSuite(SuiteRunnerWorker.java:52)
	at org.testng.SuiteRunnerWorker.run(SuiteRunnerWorker.java:86)
	at org.testng.TestNG.runSuitesSequentially(TestNG.java:1198)
	at org.testng.TestNG.runSuitesLocally(TestNG.java:1123)
	at org.testng.TestNG.run(TestNG.java:1031)
	at org.apache.maven.surefire.testng.TestNGExecutor.run(TestNGExecutor.java:60)
	at org.apache.maven.surefire.testng.TestNGDirectoryTestSuite.executeMulti(TestNGDirectoryTestSuite.java:153)
	at org.apache.maven.surefire.testng.TestNGDirectoryTestSuite.execute(TestNGDirectoryTestSuite.java:99)
	at org.apache.maven.surefire.testng.TestNGProvider.invoke(TestNGProvider.java:111)
	at sun.reflect.NativeMethodAccessorImpl.invoke0(Native Method)
	at sun.reflect.NativeMethodAccessorImpl.invoke(NativeMethodAccessorImpl.java:57)
	at sun.reflect.DelegatingMethodAccessorImpl.invoke(DelegatingMethodAccessorImpl.java:43)
	at java.lang.reflect.Method.invoke(Method.java:601)
	at org.apache.maven.surefire.booter.ProviderFactory$ClassLoaderProxy.invoke(ProviderFactory.java:103)
	at com.sun.proxy.$Proxy0.invoke(Unknown Source)
	at org.apache.maven.surefire.booter.SurefireStarter.invokeProvider(SurefireStarter.java:150)
	at org.apache.maven.surefire.booter.SurefireStarter.runSuitesInProcess(SurefireStarter.java:91)
	at org.apache.maven.surefire.booter.ForkedBooter.main(ForkedBooter.java:69)
]]>
            </full-stacktrace>
          </exception> <!-- java.lang.IllegalArgumentException -->
          <reporter-output>
          </reporter-output>
        </test-method> <!-- lessThanTwoSlotsShouldThrowIAE -->
        <test-method status="PASS" signature="lessThanTwoSlotsShouldThrowIAE(int)[pri:0, instance:storm.starter.tools.SlidingWindowCounterTest@6632dd29]" name="lessThanTwoSlotsShouldThrowIAE" duration-ms="0" started-at="2013-06-29T18:55:05Z" data-provider="illegalWindowLengths" finished-at="2013-06-29T18:55:05Z">
          <params>
            <param index="0">
              <value>
                <![CDATA[1]]>
              </value>
            </param>
          </params>
          <exception class="java.lang.IllegalArgumentException">
            <message>
              <![CDATA[Window length in slots must be at least two (you requested 1)]]>
            </message>
            <full-stacktrace>
              <![CDATA[java.lang.IllegalArgumentException: Window length in slots must be at least two (you requested 1)
	at storm.starter.tools.SlidingWindowCounter.<init>(SlidingWindowCounter.java:63)
	at storm.starter.tools.SlidingWindowCounterTest.lessThanTwoSlotsShouldThrowIAE(SlidingWindowCounterTest.java:22)
	at sun.reflect.NativeMethodAccessorImpl.invoke0(Native Method)
	at sun.reflect.NativeMethodAccessorImpl.invoke(NativeMethodAccessorImpl.java:57)
	at sun.reflect.DelegatingMethodAccessorImpl.invoke(DelegatingMethodAccessorImpl.java:43)
	at java.lang.reflect.Method.invoke(Method.java:601)
	at org.testng.internal.MethodInvocationHelper.invokeMethod(MethodInvocationHelper.java:80)
	at org.testng.internal.Invoker.invokeMethod(Invoker.java:714)
	at org.testng.internal.Invoker.invokeTestMethod(Invoker.java:901)
	at org.testng.internal.Invoker.invokeTestMethods(Invoker.java:1231)
	at org.testng.internal.TestMethodWorker.invokeTestMethods(TestMethodWorker.java:127)
	at org.testng.internal.TestMethodWorker.run(TestMethodWorker.java:111)
	at org.testng.TestRunner.privateRun(TestRunner.java:767)
	at org.testng.TestRunner.run(TestRunner.java:617)
	at org.testng.SuiteRunner.runTest(SuiteRunner.java:334)
	at org.testng.SuiteRunner.runSequentially(SuiteRunner.java:329)
	at org.testng.SuiteRunner.privateRun(SuiteRunner.java:291)
	at org.testng.SuiteRunner.run(SuiteRunner.java:240)
	at org.testng.SuiteRunnerWorker.runSuite(SuiteRunnerWorker.java:52)
	at org.testng.SuiteRunnerWorker.run(SuiteRunnerWorker.java:86)
	at org.testng.TestNG.runSuitesSequentially(TestNG.java:1198)
	at org.testng.TestNG.runSuitesLocally(TestNG.java:1123)
	at org.testng.TestNG.run(TestNG.java:1031)
	at org.apache.maven.surefire.testng.TestNGExecutor.run(TestNGExecutor.java:60)
	at org.apache.maven.surefire.testng.TestNGDirectoryTestSuite.executeMulti(TestNGDirectoryTestSuite.java:153)
	at org.apache.maven.surefire.testng.TestNGDirectoryTestSuite.execute(TestNGDirectoryTestSuite.java:99)
	at org.apache.maven.surefire.testng.TestNGProvider.invoke(TestNGProvider.java:111)
	at sun.reflect.NativeMethodAccessorImpl.invoke0(Native Method)
	at sun.reflect.NativeMethodAccessorImpl.invoke(NativeMethodAccessorImpl.java:57)
	at sun.reflect.DelegatingMethodAccessorImpl.invoke(DelegatingMethodAccessorImpl.java:43)
	at java.lang.reflect.Method.invoke(Method.java:601)
	at org.apache.maven.surefire.booter.ProviderFactory$ClassLoaderProxy.invoke(ProviderFactory.java:103)
	at com.sun.proxy.$Proxy0.invoke(Unknown Source)
	at org.apache.maven.surefire.booter.SurefireStarter.invokeProvider(SurefireStarter.java:150)
	at org.apache.maven.surefire.booter.SurefireStarter.runSuitesInProcess(SurefireStarter.java:91)
	at org.apache.maven.surefire.booter.ForkedBooter.main(ForkedBooter.java:69)
]]>
            </full-stacktrace>
          </exception> <!-- java.lang.IllegalArgumentException -->
          <reporter-output>
          </reporter-output>
        </test-method> <!-- lessThanTwoSlotsShouldThrowIAE -->
        <test-method status="PASS" signature="newInstanceShouldHaveEmptyCounts()[pri:0, instance:storm.starter.tools.SlidingWindowCounterTest@6632dd29]" name="newInstanceShouldHaveEmptyCounts" duration-ms="0" started-at="2013-06-29T18:55:05Z" finished-at="2013-06-29T18:55:05Z">
          <reporter-output>
          </reporter-output>
        </test-method> <!-- newInstanceShouldHaveEmptyCounts -->
        <test-method status="PASS" signature="testCounterWithSimulatedRuns(int, [I, [J)[pri:0, instance:storm.starter.tools.SlidingWindowCounterTest@6632dd29]" name="testCounterWithSimulatedRuns" duration-ms="0" started-at="2013-06-29T18:55:05Z" data-provider="simulatedCounterIterations" finished-at="2013-06-29T18:55:05Z">
          <params>
            <param index="0">
              <value>
                <![CDATA[4]]>
              </value>
            </param>
            <param index="1">
              <value>
                <![CDATA[[I@67cd12fc]]>
              </value>
            </param>
            <param index="2">
              <value>
                <![CDATA[[J@489993a1]]>
              </value>
            </param>
          </params>
          <reporter-output>
          </reporter-output>
        </test-method> <!-- testCounterWithSimulatedRuns -->
        <test-method status="PASS" signature="testCounterWithSimulatedRuns(int, [I, [J)[pri:0, instance:storm.starter.tools.SlidingWindowCounterTest@6632dd29]" name="testCounterWithSimulatedRuns" duration-ms="0" started-at="2013-06-29T18:55:05Z" data-provider="simulatedCounterIterations" finished-at="2013-06-29T18:55:05Z">
          <params>
            <param index="0">
              <value>
                <![CDATA[2]]>
              </value>
            </param>
            <param index="1">
              <value>
                <![CDATA[[I@21c7464a]]>
              </value>
            </param>
            <param index="2">
              <value>
                <![CDATA[[J@21d7b599]]>
              </value>
            </param>
          </params>
          <reporter-output>
          </reporter-output>
        </test-method> <!-- testCounterWithSimulatedRuns -->
        <test-method status="PASS" signature="testCounterWithSimulatedRuns(int, [I, [J)[pri:0, instance:storm.starter.tools.SlidingWindowCounterTest@6632dd29]" name="testCounterWithSimulatedRuns" duration-ms="0" started-at="2013-06-29T18:55:05Z" data-provider="simulatedCounterIterations" finished-at="2013-06-29T18:55:05Z">
          <params>
            <param index="0">
              <value>
                <![CDATA[3]]>
              </value>
            </param>
            <param index="1">
              <value>
                <![CDATA[[I@58d3612a]]>
              </value>
            </param>
            <param index="2">
              <value>
                <![CDATA[[J@1d9039f5]]>
              </value>
            </param>
          </params>
          <reporter-output>
          </reporter-output>
        </test-method> <!-- testCounterWithSimulatedRuns -->
        <test-method status="PASS" signature="testCounterWithSimulatedRuns(int, [I, [J)[pri:0, instance:storm.starter.tools.SlidingWindowCounterTest@6632dd29]" name="testCounterWithSimulatedRuns" duration-ms="1" started-at="2013-06-29T18:55:05Z" data-provider="simulatedCounterIterations" finished-at="2013-06-29T18:55:05Z">
          <params>
            <param index="0">
              <value>
                <![CDATA[5]]>
              </value>
            </param>
            <param index="1">
              <value>
                <![CDATA[[I@5aab5443]]>
              </value>
            </param>
            <param index="2">
              <value>
                <![CDATA[[J@26292936]]>
              </value>
            </param>
          </params>
          <reporter-output>
          </reporter-output>
        </test-method> <!-- testCounterWithSimulatedRuns -->
        <test-method status="PASS" signature="testCounterWithSimulatedRuns(int, [I, [J)[pri:0, instance:storm.starter.tools.SlidingWindowCounterTest@6632dd29]" name="testCounterWithSimulatedRuns" duration-ms="1" started-at="2013-06-29T18:55:05Z" data-provider="simulatedCounterIterations" finished-at="2013-06-29T18:55:05Z">
          <params>
            <param index="0">
              <value>
                <![CDATA[5]]>
              </value>
            </param>
            <param index="1">
              <value>
                <![CDATA[[I@5850abcc]]>
              </value>
            </param>
            <param index="2">
              <value>
                <![CDATA[[J@183f0b60]]>
              </value>
            </param>
          </params>
          <reporter-output>
          </reporter-output>
        </test-method> <!-- testCounterWithSimulatedRuns -->
        <test-method status="PASS" signature="twoOrMoreSlotsShouldBeValid(int)[pri:0, instance:storm.starter.tools.SlidingWindowCounterTest@6632dd29]" name="twoOrMoreSlotsShouldBeValid" duration-ms="0" started-at="2013-06-29T18:55:05Z" data-provider="legalWindowLengths" finished-at="2013-06-29T18:55:05Z">
          <params>
            <param index="0">
              <value>
                <![CDATA[3]]>
              </value>
            </param>
          </params>
          <reporter-output>
          </reporter-output>
        </test-method> <!-- twoOrMoreSlotsShouldBeValid -->
        <test-method status="PASS" signature="twoOrMoreSlotsShouldBeValid(int)[pri:0, instance:storm.starter.tools.SlidingWindowCounterTest@6632dd29]" name="twoOrMoreSlotsShouldBeValid" duration-ms="0" started-at="2013-06-29T18:55:05Z" data-provider="legalWindowLengths" finished-at="2013-06-29T18:55:05Z">
          <params>
            <param index="0">
              <value>
                <![CDATA[2]]>
              </value>
            </param>
          </params>
          <reporter-output>
          </reporter-output>
        </test-method> <!-- twoOrMoreSlotsShouldBeValid -->
        <test-method status="PASS" signature="twoOrMoreSlotsShouldBeValid(int)[pri:0, instance:storm.starter.tools.SlidingWindowCounterTest@6632dd29]" name="twoOrMoreSlotsShouldBeValid" duration-ms="0" started-at="2013-06-29T18:55:05Z" data-provider="legalWindowLengths" finished-at="2013-06-29T18:55:05Z">
          <params>
            <param index="0">
              <value>
                <![CDATA[20]]>
              </value>
            </param>
          </params>
          <reporter-output>
          </reporter-output>
        </test-method> <!-- twoOrMoreSlotsShouldBeValid -->
      </class> <!-- storm.starter.tools.SlidingWindowCounterTest -->
    </test> <!-- Command line test -->
  </suite> <!-- Command line suite -->
</testng-results>
